[0.200s] DEBUG:colcon:Command line arguments: ['/usr/bin/colcon', 'build']
[0.200s] DEBUG:colcon:Parsed command line arguments: Namespace(log_base=None, log_level=None, verb_name='build', build_base='build', install_base='install', merge_install=False, symlink_install=False, test_result_base=None, continue_on_error=False, executor='parallel', parallel_workers=6, event_handlers=None, ignore_user_meta=False, metas=['./colcon.meta'], base_paths=['.'], packages_ignore=None, packages_ignore_regex=None, paths=None, packages_up_to=None, packages_up_to_regex=None, packages_above=None, packages_above_and_dependencies=None, packages_above_depth=None, packages_select_by_dep=None, packages_skip_by_dep=None, packages_skip_up_to=None, packages_select_build_failed=False, packages_skip_build_finished=False, packages_select_test_failures=False, packages_skip_test_passed=False, packages_select=None, packages_skip=None, packages_select_regex=None, packages_skip_regex=None, packages_start=None, packages_end=None, allow_overriding=[], cmake_args=None, cmake_target=None, cmake_target_skip_unavailable=False, cmake_clean_cache=False, cmake_clean_first=False, cmake_force_configure=False, ament_cmake_args=None, catkin_cmake_args=None, catkin_skip_building_tests=False, mixin_files=None, mixin=None, verb_parser=<colcon_mixin.mixin.mixin_argument.MixinArgumentDecorator object at 0x79c20bf43740>, verb_extension=<colcon_core.verb.build.BuildVerb object at 0x79c20bf431a0>, main=<bound method BuildVerb.main of <colcon_core.verb.build.BuildVerb object at 0x79c20bf431a0>>, mixin_verb=('build',))
[0.277s] Level 1:colcon.colcon_core.package_discovery:discover_packages(colcon_meta) check parameters
[0.277s] Level 1:colcon.colcon_core.package_discovery:discover_packages(recursive) check parameters
[0.277s] Level 1:colcon.colcon_core.package_discovery:discover_packages(ignore) check parameters
[0.277s] Level 1:colcon.colcon_core.package_discovery:discover_packages(path) check parameters
[0.277s] Level 1:colcon.colcon_core.package_discovery:discover_packages(colcon_meta) discover
[0.277s] Level 1:colcon.colcon_core.package_discovery:discover_packages(recursive) discover
[0.277s] INFO:colcon.colcon_core.package_discovery:Crawling recursively for packages in '/home/vikmo/roover_ws/PrjRoover'
[0.278s] Level 1:colcon.colcon_core.package_identification:_identify(.) by extensions ['ignore', 'ignore_ament_install']
[0.278s] Level 1:colcon.colcon_core.package_identification:_identify(.) by extension 'ignore'
[0.278s] Level 1:colcon.colcon_core.package_identification:_identify(.) by extension 'ignore_ament_install'
[0.278s] Level 1:colcon.colcon_core.package_identification:_identify(.) by extensions ['colcon_pkg']
[0.278s] Level 1:colcon.colcon_core.package_identification:_identify(.) by extension 'colcon_pkg'
[0.278s] Level 1:colcon.colcon_core.package_identification:_identify(.) by extensions ['colcon_meta']
[0.278s] Level 1:colcon.colcon_core.package_identification:_identify(.) by extension 'colcon_meta'
[0.278s] Level 1:colcon.colcon_core.package_identification:_identify(.) by extensions ['ros']
[0.278s] Level 1:colcon.colcon_core.package_identification:_identify(.) by extension 'ros'
[0.329s] Level 1:colcon.colcon_core.package_identification:_identify(.) by extensions ['cmake', 'python']
[0.329s] Level 1:colcon.colcon_core.package_identification:_identify(.) by extension 'cmake'
[0.329s] Level 1:colcon.colcon_core.package_identification:_identify(.) by extension 'python'
[0.329s] Level 1:colcon.colcon_core.package_identification:_identify(.) by extensions ['python_setup_py']
[0.329s] Level 1:colcon.colcon_core.package_identification:_identify(.) by extension 'python_setup_py'
[0.329s] Level 1:colcon.colcon_core.package_identification:_identify(RasberryPi-Commande) by extensions ['ignore', 'ignore_ament_install']
[0.330s] Level 1:colcon.colcon_core.package_identification:_identify(RasberryPi-Commande) by extension 'ignore'
[0.330s] Level 1:colcon.colcon_core.package_identification:_identify(RasberryPi-Commande) by extension 'ignore_ament_install'
[0.330s] Level 1:colcon.colcon_core.package_identification:_identify(RasberryPi-Commande) by extensions ['colcon_pkg']
[0.330s] Level 1:colcon.colcon_core.package_identification:_identify(RasberryPi-Commande) by extension 'colcon_pkg'
[0.330s] Level 1:colcon.colcon_core.package_identification:_identify(RasberryPi-Commande) by extensions ['colcon_meta']
[0.330s] Level 1:colcon.colcon_core.package_identification:_identify(RasberryPi-Commande) by extension 'colcon_meta'
[0.330s] Level 1:colcon.colcon_core.package_identification:_identify(RasberryPi-Commande) by extensions ['ros']
[0.330s] Level 1:colcon.colcon_core.package_identification:_identify(RasberryPi-Commande) by extension 'ros'
[0.330s] Level 1:colcon.colcon_core.package_identification:_identify(RasberryPi-Commande) by extensions ['cmake', 'python']
[0.330s] Level 1:colcon.colcon_core.package_identification:_identify(RasberryPi-Commande) by extension 'cmake'
[0.330s] Level 1:colcon.colcon_core.package_identification:_identify(RasberryPi-Commande) by extension 'python'
[0.330s] Level 1:colcon.colcon_core.package_identification:_identify(RasberryPi-Commande) by extensions ['python_setup_py']
[0.331s] Level 1:colcon.colcon_core.package_identification:_identify(RasberryPi-Commande) by extension 'python_setup_py'
[0.331s] Level 1:colcon.colcon_core.package_identification:_identify(build) by extensions ['ignore', 'ignore_ament_install']
[0.331s] Level 1:colcon.colcon_core.package_identification:_identify(build) by extension 'ignore'
[0.331s] Level 1:colcon.colcon_core.package_identification:_identify(build) ignored
[0.331s] Level 1:colcon.colcon_core.package_identification:_identify(install) by extensions ['ignore', 'ignore_ament_install']
[0.331s] Level 1:colcon.colcon_core.package_identification:_identify(install) by extension 'ignore'
[0.332s] Level 1:colcon.colcon_core.package_identification:_identify(install) ignored
[0.332s] Level 1:colcon.colcon_core.package_identification:_identify(log) by extensions ['ignore', 'ignore_ament_install']
[0.332s] Level 1:colcon.colcon_core.package_identification:_identify(log) by extension 'ignore'
[0.332s] Level 1:colcon.colcon_core.package_identification:_identify(log) ignored
[0.332s] Level 1:colcon.colcon_core.package_identification:_identify(ros2_lidar_ws) by extensions ['ignore', 'ignore_ament_install']
[0.332s] Level 1:colcon.colcon_core.package_identification:_identify(ros2_lidar_ws) by extension 'ignore'
[0.332s] Level 1:colcon.colcon_core.package_identification:_identify(ros2_lidar_ws) by extension 'ignore_ament_install'
[0.332s] Level 1:colcon.colcon_core.package_identification:_identify(ros2_lidar_ws) by extensions ['colcon_pkg']
[0.333s] Level 1:colcon.colcon_core.package_identification:_identify(ros2_lidar_ws) by extension 'colcon_pkg'
[0.333s] Level 1:colcon.colcon_core.package_identification:_identify(ros2_lidar_ws) by extensions ['colcon_meta']
[0.333s] Level 1:colcon.colcon_core.package_identification:_identify(ros2_lidar_ws) by extension 'colcon_meta'
[0.333s] Level 1:colcon.colcon_core.package_identification:_identify(ros2_lidar_ws) by extensions ['ros']
[0.333s] Level 1:colcon.colcon_core.package_identification:_identify(ros2_lidar_ws) by extension 'ros'
[0.333s] Level 1:colcon.colcon_core.package_identification:_identify(ros2_lidar_ws) by extensions ['cmake', 'python']
[0.333s] Level 1:colcon.colcon_core.package_identification:_identify(ros2_lidar_ws) by extension 'cmake'
[0.333s] Level 1:colcon.colcon_core.package_identification:_identify(ros2_lidar_ws) by extension 'python'
[0.333s] Level 1:colcon.colcon_core.package_identification:_identify(ros2_lidar_ws) by extensions ['python_setup_py']
[0.333s] Level 1:colcon.colcon_core.package_identification:_identify(ros2_lidar_ws) by extension 'python_setup_py'
[0.333s] Level 1:colcon.colcon_core.package_identification:_identify(ros2_lidar_ws/build) by extensions ['ignore', 'ignore_ament_install']
[0.333s] Level 1:colcon.colcon_core.package_identification:_identify(ros2_lidar_ws/build) by extension 'ignore'
[0.333s] Level 1:colcon.colcon_core.package_identification:_identify(ros2_lidar_ws/build) ignored
[0.334s] Level 1:colcon.colcon_core.package_identification:_identify(ros2_lidar_ws/install) by extensions ['ignore', 'ignore_ament_install']
[0.334s] Level 1:colcon.colcon_core.package_identification:_identify(ros2_lidar_ws/install) by extension 'ignore'
[0.334s] Level 1:colcon.colcon_core.package_identification:_identify(ros2_lidar_ws/install) ignored
[0.334s] Level 1:colcon.colcon_core.package_identification:_identify(ros2_lidar_ws/log) by extensions ['ignore', 'ignore_ament_install']
[0.334s] Level 1:colcon.colcon_core.package_identification:_identify(ros2_lidar_ws/log) by extension 'ignore'
[0.334s] Level 1:colcon.colcon_core.package_identification:_identify(ros2_lidar_ws/log) ignored
[0.334s] Level 1:colcon.colcon_core.package_identification:_identify(ros2_lidar_ws/src) by extensions ['ignore', 'ignore_ament_install']
[0.335s] Level 1:colcon.colcon_core.package_identification:_identify(ros2_lidar_ws/src) by extension 'ignore'
[0.335s] Level 1:colcon.colcon_core.package_identification:_identify(ros2_lidar_ws/src) by extension 'ignore_ament_install'
[0.335s] Level 1:colcon.colcon_core.package_identification:_identify(ros2_lidar_ws/src) by extensions ['colcon_pkg']
[0.335s] Level 1:colcon.colcon_core.package_identification:_identify(ros2_lidar_ws/src) by extension 'colcon_pkg'
[0.335s] Level 1:colcon.colcon_core.package_identification:_identify(ros2_lidar_ws/src) by extensions ['colcon_meta']
[0.335s] Level 1:colcon.colcon_core.package_identification:_identify(ros2_lidar_ws/src) by extension 'colcon_meta'
[0.335s] Level 1:colcon.colcon_core.package_identification:_identify(ros2_lidar_ws/src) by extensions ['ros']
[0.335s] Level 1:colcon.colcon_core.package_identification:_identify(ros2_lidar_ws/src) by extension 'ros'
[0.335s] Level 1:colcon.colcon_core.package_identification:_identify(ros2_lidar_ws/src) by extensions ['cmake', 'python']
[0.335s] Level 1:colcon.colcon_core.package_identification:_identify(ros2_lidar_ws/src) by extension 'cmake'
[0.335s] Level 1:colcon.colcon_core.package_identification:_identify(ros2_lidar_ws/src) by extension 'python'
[0.335s] Level 1:colcon.colcon_core.package_identification:_identify(ros2_lidar_ws/src) by extensions ['python_setup_py']
[0.335s] Level 1:colcon.colcon_core.package_identification:_identify(ros2_lidar_ws/src) by extension 'python_setup_py'
[0.336s] Level 1:colcon.colcon_core.package_identification:_identify(ros2_lidar_ws/src/rplidar_ros) by extensions ['ignore', 'ignore_ament_install']
[0.336s] Level 1:colcon.colcon_core.package_identification:_identify(ros2_lidar_ws/src/rplidar_ros) by extension 'ignore'
[0.336s] Level 1:colcon.colcon_core.package_identification:_identify(ros2_lidar_ws/src/rplidar_ros) by extension 'ignore_ament_install'
[0.336s] Level 1:colcon.colcon_core.package_identification:_identify(ros2_lidar_ws/src/rplidar_ros) by extensions ['colcon_pkg']
[0.336s] Level 1:colcon.colcon_core.package_identification:_identify(ros2_lidar_ws/src/rplidar_ros) by extension 'colcon_pkg'
[0.336s] Level 1:colcon.colcon_core.package_identification:_identify(ros2_lidar_ws/src/rplidar_ros) by extensions ['colcon_meta']
[0.336s] Level 1:colcon.colcon_core.package_identification:_identify(ros2_lidar_ws/src/rplidar_ros) by extension 'colcon_meta'
[0.336s] Level 1:colcon.colcon_core.package_identification:_identify(ros2_lidar_ws/src/rplidar_ros) by extensions ['ros']
[0.336s] Level 1:colcon.colcon_core.package_identification:_identify(ros2_lidar_ws/src/rplidar_ros) by extension 'ros'
[0.341s] DEBUG:colcon.colcon_core.package_identification:Package 'ros2_lidar_ws/src/rplidar_ros' with type 'ros.ament_cmake' and name 'rplidar_ros'
[0.341s] Level 1:colcon.colcon_core.package_identification:_identify(ros2_ws) by extensions ['ignore', 'ignore_ament_install']
[0.342s] Level 1:colcon.colcon_core.package_identification:_identify(ros2_ws) by extension 'ignore'
[0.342s] Level 1:colcon.colcon_core.package_identification:_identify(ros2_ws) by extension 'ignore_ament_install'
[0.342s] Level 1:colcon.colcon_core.package_identification:_identify(ros2_ws) by extensions ['colcon_pkg']
[0.342s] Level 1:colcon.colcon_core.package_identification:_identify(ros2_ws) by extension 'colcon_pkg'
[0.342s] Level 1:colcon.colcon_core.package_identification:_identify(ros2_ws) by extensions ['colcon_meta']
[0.342s] Level 1:colcon.colcon_core.package_identification:_identify(ros2_ws) by extension 'colcon_meta'
[0.342s] Level 1:colcon.colcon_core.package_identification:_identify(ros2_ws) by extensions ['ros']
[0.342s] Level 1:colcon.colcon_core.package_identification:_identify(ros2_ws) by extension 'ros'
[0.342s] Level 1:colcon.colcon_core.package_identification:_identify(ros2_ws) by extensions ['cmake', 'python']
[0.342s] Level 1:colcon.colcon_core.package_identification:_identify(ros2_ws) by extension 'cmake'
[0.342s] Level 1:colcon.colcon_core.package_identification:_identify(ros2_ws) by extension 'python'
[0.342s] Level 1:colcon.colcon_core.package_identification:_identify(ros2_ws) by extensions ['python_setup_py']
[0.342s] Level 1:colcon.colcon_core.package_identification:_identify(ros2_ws) by extension 'python_setup_py'
[0.343s] Level 1:colcon.colcon_core.package_identification:_identify(ros2_ws/build) by extensions ['ignore', 'ignore_ament_install']
[0.343s] Level 1:colcon.colcon_core.package_identification:_identify(ros2_ws/build) by extension 'ignore'
[0.343s] Level 1:colcon.colcon_core.package_identification:_identify(ros2_ws/build) ignored
[0.343s] Level 1:colcon.colcon_core.package_identification:_identify(ros2_ws/install) by extensions ['ignore', 'ignore_ament_install']
[0.343s] Level 1:colcon.colcon_core.package_identification:_identify(ros2_ws/install) by extension 'ignore'
[0.343s] Level 1:colcon.colcon_core.package_identification:_identify(ros2_ws/install) ignored
[0.343s] Level 1:colcon.colcon_core.package_identification:_identify(ros2_ws/log) by extensions ['ignore', 'ignore_ament_install']
[0.343s] Level 1:colcon.colcon_core.package_identification:_identify(ros2_ws/log) by extension 'ignore'
[0.343s] Level 1:colcon.colcon_core.package_identification:_identify(ros2_ws/log) ignored
[0.343s] Level 1:colcon.colcon_core.package_identification:_identify(ros2_ws/src) by extensions ['ignore', 'ignore_ament_install']
[0.344s] Level 1:colcon.colcon_core.package_identification:_identify(ros2_ws/src) by extension 'ignore'
[0.344s] Level 1:colcon.colcon_core.package_identification:_identify(ros2_ws/src) by extension 'ignore_ament_install'
[0.344s] Level 1:colcon.colcon_core.package_identification:_identify(ros2_ws/src) by extensions ['colcon_pkg']
[0.344s] Level 1:colcon.colcon_core.package_identification:_identify(ros2_ws/src) by extension 'colcon_pkg'
[0.344s] Level 1:colcon.colcon_core.package_identification:_identify(ros2_ws/src) by extensions ['colcon_meta']
[0.344s] Level 1:colcon.colcon_core.package_identification:_identify(ros2_ws/src) by extension 'colcon_meta'
[0.344s] Level 1:colcon.colcon_core.package_identification:_identify(ros2_ws/src) by extensions ['ros']
[0.344s] Level 1:colcon.colcon_core.package_identification:_identify(ros2_ws/src) by extension 'ros'
[0.344s] Level 1:colcon.colcon_core.package_identification:_identify(ros2_ws/src) by extensions ['cmake', 'python']
[0.344s] Level 1:colcon.colcon_core.package_identification:_identify(ros2_ws/src) by extension 'cmake'
[0.344s] Level 1:colcon.colcon_core.package_identification:_identify(ros2_ws/src) by extension 'python'
[0.344s] Level 1:colcon.colcon_core.package_identification:_identify(ros2_ws/src) by extensions ['python_setup_py']
[0.344s] Level 1:colcon.colcon_core.package_identification:_identify(ros2_ws/src) by extension 'python_setup_py'
[0.344s] Level 1:colcon.colcon_core.package_identification:_identify(ros2_ws/src/my_robot_package) by extensions ['ignore', 'ignore_ament_install']
[0.345s] Level 1:colcon.colcon_core.package_identification:_identify(ros2_ws/src/my_robot_package) by extension 'ignore'
[0.345s] Level 1:colcon.colcon_core.package_identification:_identify(ros2_ws/src/my_robot_package) by extension 'ignore_ament_install'
[0.345s] Level 1:colcon.colcon_core.package_identification:_identify(ros2_ws/src/my_robot_package) by extensions ['colcon_pkg']
[0.345s] Level 1:colcon.colcon_core.package_identification:_identify(ros2_ws/src/my_robot_package) by extension 'colcon_pkg'
[0.345s] Level 1:colcon.colcon_core.package_identification:_identify(ros2_ws/src/my_robot_package) by extensions ['colcon_meta']
[0.345s] Level 1:colcon.colcon_core.package_identification:_identify(ros2_ws/src/my_robot_package) by extension 'colcon_meta'
[0.345s] Level 1:colcon.colcon_core.package_identification:_identify(ros2_ws/src/my_robot_package) by extensions ['ros']
[0.345s] Level 1:colcon.colcon_core.package_identification:_identify(ros2_ws/src/my_robot_package) by extension 'ros'
[0.346s] DEBUG:colcon.colcon_core.package_identification:Package 'ros2_ws/src/my_robot_package' with type 'ros.ament_python' and name 'my_robot_package'
[0.346s] Level 1:colcon.colcon_core.package_discovery:discover_packages(recursive) using defaults
[0.346s] Level 1:colcon.colcon_core.package_discovery:discover_packages(ignore) discover
[0.346s] Level 1:colcon.colcon_core.package_discovery:discover_packages(ignore) using defaults
[0.346s] Level 1:colcon.colcon_core.package_discovery:discover_packages(path) discover
[0.346s] Level 1:colcon.colcon_core.package_discovery:discover_packages(path) using defaults
[0.393s] Level 1:colcon.colcon_core.package_discovery:discover_packages(prefix_path) check parameters
[0.393s] Level 1:colcon.colcon_core.package_discovery:discover_packages(prefix_path) discover
[0.397s] DEBUG:colcon.colcon_installed_package_information.package_discovery:Found 1 installed packages in /home/vikmo/roover_ws/PrjRoover/ros2_ws/install
[0.401s] DEBUG:colcon.colcon_installed_package_information.package_discovery:Found 381 installed packages in /opt/ros/jazzy
[0.405s] Level 1:colcon.colcon_core.package_discovery:discover_packages(prefix_path) using defaults
[0.518s] Level 5:colcon.colcon_core.verb:set package 'my_robot_package' build argument 'cmake_args' from command line to 'None'
[0.518s] Level 5:colcon.colcon_core.verb:set package 'my_robot_package' build argument 'cmake_target' from command line to 'None'
[0.518s] Level 5:colcon.colcon_core.verb:set package 'my_robot_package' build argument 'cmake_target_skip_unavailable' from command line to 'False'
[0.518s] Level 5:colcon.colcon_core.verb:set package 'my_robot_package' build argument 'cmake_clean_cache' from command line to 'False'
[0.519s] Level 5:colcon.colcon_core.verb:set package 'my_robot_package' build argument 'cmake_clean_first' from command line to 'False'
[0.519s] Level 5:colcon.colcon_core.verb:set package 'my_robot_package' build argument 'cmake_force_configure' from command line to 'False'
[0.519s] Level 5:colcon.colcon_core.verb:set package 'my_robot_package' build argument 'ament_cmake_args' from command line to 'None'
[0.519s] Level 5:colcon.colcon_core.verb:set package 'my_robot_package' build argument 'catkin_cmake_args' from command line to 'None'
[0.519s] Level 5:colcon.colcon_core.verb:set package 'my_robot_package' build argument 'catkin_skip_building_tests' from command line to 'False'
[0.519s] DEBUG:colcon.colcon_core.verb:Building package 'my_robot_package' with the following arguments: {'ament_cmake_args': None, 'build_base': '/home/vikmo/roover_ws/PrjRoover/build/my_robot_package', 'catkin_cmake_args': None, 'catkin_skip_building_tests': False, 'cmake_args': None, 'cmake_clean_cache': False, 'cmake_clean_first': False, 'cmake_force_configure': False, 'cmake_target': None, 'cmake_target_skip_unavailable': False, 'install_base': '/home/vikmo/roover_ws/PrjRoover/install/my_robot_package', 'merge_install': False, 'path': '/home/vikmo/roover_ws/PrjRoover/ros2_ws/src/my_robot_package', 'symlink_install': False, 'test_result_base': None}
[0.519s] Level 5:colcon.colcon_core.verb:set package 'rplidar_ros' build argument 'cmake_args' from command line to 'None'
[0.519s] Level 5:colcon.colcon_core.verb:set package 'rplidar_ros' build argument 'cmake_target' from command line to 'None'
[0.519s] Level 5:colcon.colcon_core.verb:set package 'rplidar_ros' build argument 'cmake_target_skip_unavailable' from command line to 'False'
[0.520s] Level 5:colcon.colcon_core.verb:set package 'rplidar_ros' build argument 'cmake_clean_cache' from command line to 'False'
[0.520s] Level 5:colcon.colcon_core.verb:set package 'rplidar_ros' build argument 'cmake_clean_first' from command line to 'False'
[0.520s] Level 5:colcon.colcon_core.verb:set package 'rplidar_ros' build argument 'cmake_force_configure' from command line to 'False'
[0.520s] Level 5:colcon.colcon_core.verb:set package 'rplidar_ros' build argument 'ament_cmake_args' from command line to 'None'
[0.520s] Level 5:colcon.colcon_core.verb:set package 'rplidar_ros' build argument 'catkin_cmake_args' from command line to 'None'
[0.520s] Level 5:colcon.colcon_core.verb:set package 'rplidar_ros' build argument 'catkin_skip_building_tests' from command line to 'False'
[0.520s] DEBUG:colcon.colcon_core.verb:Building package 'rplidar_ros' with the following arguments: {'ament_cmake_args': None, 'build_base': '/home/vikmo/roover_ws/PrjRoover/build/rplidar_ros', 'catkin_cmake_args': None, 'catkin_skip_building_tests': False, 'cmake_args': None, 'cmake_clean_cache': False, 'cmake_clean_first': False, 'cmake_force_configure': False, 'cmake_target': None, 'cmake_target_skip_unavailable': False, 'install_base': '/home/vikmo/roover_ws/PrjRoover/install/rplidar_ros', 'merge_install': False, 'path': '/home/vikmo/roover_ws/PrjRoover/ros2_lidar_ws/src/rplidar_ros', 'symlink_install': False, 'test_result_base': None}
[0.520s] INFO:colcon.colcon_core.executor:Executing jobs using 'parallel' executor
[0.522s] DEBUG:colcon.colcon_parallel_executor.executor.parallel:run_until_complete
[0.523s] INFO:colcon.colcon_ros.task.ament_python.build:Building ROS package in '/home/vikmo/roover_ws/PrjRoover/ros2_ws/src/my_robot_package' with build type 'ament_python'
[0.523s] Level 1:colcon.colcon_core.shell:create_environment_hook('my_robot_package', 'ament_prefix_path')
[0.529s] INFO:colcon.colcon_core.plugin_system:Skipping extension 'colcon_core.shell.bat': Not used on non-Windows systems
[0.530s] INFO:colcon.colcon_core.shell:Creating environment hook '/home/vikmo/roover_ws/PrjRoover/install/my_robot_package/share/my_robot_package/hook/ament_prefix_path.ps1'
[0.531s] INFO:colcon.colcon_core.shell:Creating environment descriptor '/home/vikmo/roover_ws/PrjRoover/install/my_robot_package/share/my_robot_package/hook/ament_prefix_path.dsv'
[0.532s] INFO:colcon.colcon_core.shell:Creating environment hook '/home/vikmo/roover_ws/PrjRoover/install/my_robot_package/share/my_robot_package/hook/ament_prefix_path.sh'
[0.534s] INFO:colcon.colcon_core.shell:Skip shell extension 'powershell' for command environment: Not usable outside of PowerShell
[0.535s] DEBUG:colcon.colcon_core.shell:Skip shell extension 'dsv' for command environment
[0.547s] INFO:colcon.colcon_ros.task.ament_cmake.build:Building ROS package in '/home/vikmo/roover_ws/PrjRoover/ros2_lidar_ws/src/rplidar_ros' with build type 'ament_cmake'
[0.547s] INFO:colcon.colcon_cmake.task.cmake.build:Building CMake package in '/home/vikmo/roover_ws/PrjRoover/ros2_lidar_ws/src/rplidar_ros'
[0.548s] INFO:colcon.colcon_core.shell:Skip shell extension 'powershell' for command environment: Not usable outside of PowerShell
[0.548s] DEBUG:colcon.colcon_core.shell:Skip shell extension 'dsv' for command environment
[1.065s] INFO:colcon.colcon_core.task.python.build:Building Python package in '/home/vikmo/roover_ws/PrjRoover/ros2_ws/src/my_robot_package'
[1.066s] INFO:colcon.colcon_core.shell:Skip shell extension 'powershell' for command environment: Not usable outside of PowerShell
[1.066s] DEBUG:colcon.colcon_core.shell:Skip shell extension 'dsv' for command environment
[1.085s] DEBUG:colcon.colcon_core.event_handler.log_command:Invoking command in '/home/vikmo/roover_ws/PrjRoover/build/rplidar_ros': CMAKE_PREFIX_PATH=${CMAKE_PREFIX_PATH}:/home/vikmo/roover_ws/PrjRoover/ros2_ws/install/my_robot_package:/opt/ros/jazzy DEBUGINFOD_URLS=https://debuginfod.ubuntu.com /usr/bin/cmake /home/vikmo/roover_ws/PrjRoover/ros2_lidar_ws/src/rplidar_ros -DCMAKE_INSTALL_PREFIX=/home/vikmo/roover_ws/PrjRoover/install/rplidar_ros
[3.357s] DEBUG:colcon.colcon_core.event_handler.log_command:Invoking command in '/home/vikmo/roover_ws/PrjRoover/ros2_ws/src/my_robot_package': DEBUGINFOD_URLS=https://debuginfod.ubuntu.com PYTHONPATH=/home/vikmo/roover_ws/PrjRoover/build/my_robot_package/prefix_override:/usr/lib/python3/dist-packages/colcon_core/task/python/colcon_distutils_commands:/home/vikmo/roover_ws/PrjRoover/install/my_robot_package/lib/python3.12/site-packages:${PYTHONPATH} /usr/bin/python3 -W ignore:setup.py install is deprecated -W ignore:easy_install command is deprecated setup.py egg_info --egg-base ../../../build/my_robot_package build --build-base /home/vikmo/roover_ws/PrjRoover/build/my_robot_package/build install --record /home/vikmo/roover_ws/PrjRoover/build/my_robot_package/install.log --single-version-externally-managed install_data
[4.497s] DEBUG:colcon.colcon_core.event_handler.log_command:Invoked command in '/home/vikmo/roover_ws/PrjRoover/ros2_ws/src/my_robot_package' returned '1': DEBUGINFOD_URLS=https://debuginfod.ubuntu.com PYTHONPATH=/home/vikmo/roover_ws/PrjRoover/build/my_robot_package/prefix_override:/usr/lib/python3/dist-packages/colcon_core/task/python/colcon_distutils_commands:/home/vikmo/roover_ws/PrjRoover/install/my_robot_package/lib/python3.12/site-packages:${PYTHONPATH} /usr/bin/python3 -W ignore:setup.py install is deprecated -W ignore:easy_install command is deprecated setup.py egg_info --egg-base ../../../build/my_robot_package build --build-base /home/vikmo/roover_ws/PrjRoover/build/my_robot_package/build install --record /home/vikmo/roover_ws/PrjRoover/build/my_robot_package/install.log --single-version-externally-managed install_data
[6.495s] DEBUG:colcon.colcon_parallel_executor.executor.parallel:closing loop
[6.496s] DEBUG:colcon.colcon_parallel_executor.executor.parallel:loop closed
[6.496s] DEBUG:colcon.colcon_parallel_executor.executor.parallel:run_until_complete finished with '1'
[6.496s] DEBUG:colcon.colcon_core.event_reactor:joining thread
[6.517s] INFO:colcon.colcon_core.plugin_system:Skipping extension 'colcon_notification.desktop_notification.terminal_notifier': Not used on non-Darwin systems
[6.518s] INFO:colcon.colcon_core.plugin_system:Skipping extension 'colcon_notification.desktop_notification.win32': Not used on non-Windows systems
[6.518s] INFO:colcon.colcon_notification.desktop_notification:Sending desktop notification using 'notify2'
[6.571s] DEBUG:colcon.colcon_core.event_reactor:joined thread
[6.572s] INFO:colcon.colcon_core.shell:Creating prefix script '/home/vikmo/roover_ws/PrjRoover/install/local_setup.ps1'
[6.576s] INFO:colcon.colcon_core.shell:Creating prefix util module '/home/vikmo/roover_ws/PrjRoover/install/_local_setup_util_ps1.py'
[6.581s] INFO:colcon.colcon_core.shell:Creating prefix chain script '/home/vikmo/roover_ws/PrjRoover/install/setup.ps1'
[6.585s] INFO:colcon.colcon_core.shell:Creating prefix script '/home/vikmo/roover_ws/PrjRoover/install/local_setup.sh'
[6.587s] INFO:colcon.colcon_core.shell:Creating prefix util module '/home/vikmo/roover_ws/PrjRoover/install/_local_setup_util_sh.py'
[6.589s] INFO:colcon.colcon_core.shell:Creating prefix chain script '/home/vikmo/roover_ws/PrjRoover/install/setup.sh'
[6.594s] INFO:colcon.colcon_core.shell:Creating prefix script '/home/vikmo/roover_ws/PrjRoover/install/local_setup.bash'
[6.596s] INFO:colcon.colcon_core.shell:Creating prefix chain script '/home/vikmo/roover_ws/PrjRoover/install/setup.bash'
[6.600s] INFO:colcon.colcon_core.shell:Creating prefix script '/home/vikmo/roover_ws/PrjRoover/install/local_setup.zsh'
[6.601s] INFO:colcon.colcon_core.shell:Creating prefix chain script '/home/vikmo/roover_ws/PrjRoover/install/setup.zsh'
