/home/Roover/PrjRoover/ros2_ws/install/my_robot_package/lib/python3.12/site-packages/my_robot_package/cmd_vel_to_motors.py
/home/Roover/PrjRoover/ros2_ws/install/my_robot_package/lib/python3.12/site-packages/my_robot_package/__init__.py
/home/Roover/PrjRoover/ros2_ws/install/my_robot_package/lib/python3.12/site-packages/my_robot_package/odom_publisher_node.py
/home/Roover/PrjRoover/ros2_ws/install/my_robot_package/lib/python3.12/site-packages/my_robot_package/joy_to_cmd_vel.py
/home/Roover/PrjRoover/ros2_ws/install/my_robot_package/lib/python3.12/site-packages/my_robot_package/__pycache__/cmd_vel_to_motors.cpython-312.pyc
/home/Roover/PrjRoover/ros2_ws/install/my_robot_package/lib/python3.12/site-packages/my_robot_package/__pycache__/__init__.cpython-312.pyc
/home/Roover/PrjRoover/ros2_ws/install/my_robot_package/lib/python3.12/site-packages/my_robot_package/__pycache__/odom_publisher_node.cpython-312.pyc
/home/Roover/PrjRoover/ros2_ws/install/my_robot_package/lib/python3.12/site-packages/my_robot_package/__pycache__/joy_to_cmd_vel.cpython-312.pyc
/home/Roover/PrjRoover/ros2_ws/install/my_robot_package/share/ament_index/resource_index/packages/my_robot_package
/home/Roover/PrjRoover/ros2_ws/install/my_robot_package/share/my_robot_package/package.xml
/home/Roover/PrjRoover/ros2_ws/install/my_robot_package/share/my_robot_package/launch/lidar_and_motor_launch.py
/home/Roover/PrjRoover/ros2_ws/install/my_robot_package/share/my_robot_package/launch/roover_control.launch.py
/home/Roover/PrjRoover/ros2_ws/install/my_robot_package/share/my_robot_package/launch/roover_slam.launch.py
/home/Roover/PrjRoover/ros2_ws/install/my_robot_package/share/my_robot_package/launch/odom_publisher_launch.py
/home/Roover/PrjRoover/ros2_ws/install/my_robot_package/lib/python3.12/site-packages/my_robot_package-0.0.0-py3.12.egg-info/zip-safe
/home/Roover/PrjRoover/ros2_ws/install/my_robot_package/lib/python3.12/site-packages/my_robot_package-0.0.0-py3.12.egg-info/SOURCES.txt
/home/Roover/PrjRoover/ros2_ws/install/my_robot_package/lib/python3.12/site-packages/my_robot_package-0.0.0-py3.12.egg-info/top_level.txt
/home/Roover/PrjRoover/ros2_ws/install/my_robot_package/lib/python3.12/site-packages/my_robot_package-0.0.0-py3.12.egg-info/PKG-INFO
/home/Roover/PrjRoover/ros2_ws/install/my_robot_package/lib/python3.12/site-packages/my_robot_package-0.0.0-py3.12.egg-info/entry_points.txt
/home/Roover/PrjRoover/ros2_ws/install/my_robot_package/lib/python3.12/site-packages/my_robot_package-0.0.0-py3.12.egg-info/requires.txt
/home/Roover/PrjRoover/ros2_ws/install/my_robot_package/lib/python3.12/site-packages/my_robot_package-0.0.0-py3.12.egg-info/dependency_links.txt
/home/Roover/PrjRoover/ros2_ws/install/my_robot_package/lib/my_robot_package/cmd_vel_to_motors
/home/Roover/PrjRoover/ros2_ws/install/my_robot_package/lib/my_robot_package/joy_to_cmd_vel
/home/Roover/PrjRoover/ros2_ws/install/my_robot_package/lib/my_robot_package/odom_publisher_node
