[0.825s] Invoking command in '/home/vikmo/roover_ws/PrjRoover/ros2_ws/src/my_robot_package': DEBUGINFOD_URLS=https://debuginfod.ubuntu.com PYTHONPATH=/home/vikmo/roover_ws/PrjRoover/ros2_ws/src/my_robot_package/build/my_robot_package/prefix_override:/usr/lib/python3/dist-packages/colcon_core/task/python/colcon_distutils_commands:/home/vikmo/roover_ws/PrjRoover/ros2_ws/src/my_robot_package/install/my_robot_package/lib/python3.12/site-packages:${PYTHONPATH} /usr/bin/python3 -W ignore:setup.py install is deprecated -W ignore:easy_install command is deprecated setup.py egg_info --egg-base build/my_robot_package build --build-base /home/vikmo/roover_ws/PrjRoover/ros2_ws/src/my_robot_package/build/my_robot_package/build install --record /home/vikmo/roover_ws/PrjRoover/ros2_ws/src/my_robot_package/build/my_robot_package/install.log --single-version-externally-managed install_data
[1.038s] running egg_info
[1.038s] creating build/my_robot_package/my_robot_package.egg-info
[1.053s] writing build/my_robot_package/my_robot_package.egg-info/PKG-INFO
[1.053s] writing dependency_links to build/my_robot_package/my_robot_package.egg-info/dependency_links.txt
[1.053s] writing entry points to build/my_robot_package/my_robot_package.egg-info/entry_points.txt
[1.053s] writing requirements to build/my_robot_package/my_robot_package.egg-info/requires.txt
[1.053s] writing top-level names to build/my_robot_package/my_robot_package.egg-info/top_level.txt
[1.053s] writing manifest file 'build/my_robot_package/my_robot_package.egg-info/SOURCES.txt'
[1.083s] reading manifest file 'build/my_robot_package/my_robot_package.egg-info/SOURCES.txt'
[1.084s] writing manifest file 'build/my_robot_package/my_robot_package.egg-info/SOURCES.txt'
[1.084s] running build
[1.084s] running build_py
[1.084s] creating /home/vikmo/roover_ws/PrjRoover/ros2_ws/src/my_robot_package/build/my_robot_package/build
[1.084s] creating /home/vikmo/roover_ws/PrjRoover/ros2_ws/src/my_robot_package/build/my_robot_package/build/lib
[1.084s] creating /home/vikmo/roover_ws/PrjRoover/ros2_ws/src/my_robot_package/build/my_robot_package/build/lib/my_robot_package
[1.085s] copying my_robot_package/joy_to_cmd_vel.py -> /home/vikmo/roover_ws/PrjRoover/ros2_ws/src/my_robot_package/build/my_robot_package/build/lib/my_robot_package
[1.085s] copying my_robot_package/__init__.py -> /home/vikmo/roover_ws/PrjRoover/ros2_ws/src/my_robot_package/build/my_robot_package/build/lib/my_robot_package
[1.085s] copying my_robot_package/cmd_vel_to_motors.py -> /home/vikmo/roover_ws/PrjRoover/ros2_ws/src/my_robot_package/build/my_robot_package/build/lib/my_robot_package
[1.085s] running install
[1.089s] running install_lib
[1.104s] creating /home/vikmo/roover_ws/PrjRoover/ros2_ws/src/my_robot_package/install/my_robot_package/lib/python3.12/site-packages/my_robot_package
[1.104s] copying /home/vikmo/roover_ws/PrjRoover/ros2_ws/src/my_robot_package/build/my_robot_package/build/lib/my_robot_package/joy_to_cmd_vel.py -> /home/vikmo/roover_ws/PrjRoover/ros2_ws/src/my_robot_package/install/my_robot_package/lib/python3.12/site-packages/my_robot_package
[1.104s] copying /home/vikmo/roover_ws/PrjRoover/ros2_ws/src/my_robot_package/build/my_robot_package/build/lib/my_robot_package/__init__.py -> /home/vikmo/roover_ws/PrjRoover/ros2_ws/src/my_robot_package/install/my_robot_package/lib/python3.12/site-packages/my_robot_package
[1.104s] copying /home/vikmo/roover_ws/PrjRoover/ros2_ws/src/my_robot_package/build/my_robot_package/build/lib/my_robot_package/cmd_vel_to_motors.py -> /home/vikmo/roover_ws/PrjRoover/ros2_ws/src/my_robot_package/install/my_robot_package/lib/python3.12/site-packages/my_robot_package
[1.105s] byte-compiling /home/vikmo/roover_ws/PrjRoover/ros2_ws/src/my_robot_package/install/my_robot_package/lib/python3.12/site-packages/my_robot_package/joy_to_cmd_vel.py to joy_to_cmd_vel.cpython-312.pyc
[1.105s] byte-compiling /home/vikmo/roover_ws/PrjRoover/ros2_ws/src/my_robot_package/install/my_robot_package/lib/python3.12/site-packages/my_robot_package/__init__.py to __init__.cpython-312.pyc
[1.105s] byte-compiling /home/vikmo/roover_ws/PrjRoover/ros2_ws/src/my_robot_package/install/my_robot_package/lib/python3.12/site-packages/my_robot_package/cmd_vel_to_motors.py to cmd_vel_to_motors.cpython-312.pyc
[1.106s] running install_data
[1.106s] creating /home/vikmo/roover_ws/PrjRoover/ros2_ws/src/my_robot_package/install/my_robot_package/share/ament_index
[1.107s] creating /home/vikmo/roover_ws/PrjRoover/ros2_ws/src/my_robot_package/install/my_robot_package/share/ament_index/resource_index
[1.107s] creating /home/vikmo/roover_ws/PrjRoover/ros2_ws/src/my_robot_package/install/my_robot_package/share/ament_index/resource_index/packages
[1.107s] copying resource/my_robot_package -> /home/vikmo/roover_ws/PrjRoover/ros2_ws/src/my_robot_package/install/my_robot_package/share/ament_index/resource_index/packages
[1.107s] copying package.xml -> /home/vikmo/roover_ws/PrjRoover/ros2_ws/src/my_robot_package/install/my_robot_package/share/my_robot_package
[1.107s] creating /home/vikmo/roover_ws/PrjRoover/ros2_ws/src/my_robot_package/install/my_robot_package/share/my_robot_package/launch
[1.107s] copying launch/roover_control.launch.py -> /home/vikmo/roover_ws/PrjRoover/ros2_ws/src/my_robot_package/install/my_robot_package/share/my_robot_package/launch
[1.107s] running install_egg_info
[1.123s] Copying build/my_robot_package/my_robot_package.egg-info to /home/vikmo/roover_ws/PrjRoover/ros2_ws/src/my_robot_package/install/my_robot_package/lib/python3.12/site-packages/my_robot_package-0.0.0-py3.12.egg-info
[1.124s] running install_scripts
[1.232s] Installing cmd_vel_to_motors script to /home/vikmo/roover_ws/PrjRoover/ros2_ws/src/my_robot_package/install/my_robot_package/lib/my_robot_package
[1.233s] Installing joy_to_cmd_vel script to /home/vikmo/roover_ws/PrjRoover/ros2_ws/src/my_robot_package/install/my_robot_package/lib/my_robot_package
[1.233s] writing list of installed files to '/home/vikmo/roover_ws/PrjRoover/ros2_ws/src/my_robot_package/build/my_robot_package/install.log'
[1.252s] Invoked command in '/home/vikmo/roover_ws/PrjRoover/ros2_ws/src/my_robot_package' returned '0': DEBUGINFOD_URLS=https://debuginfod.ubuntu.com PYTHONPATH=/home/vikmo/roover_ws/PrjRoover/ros2_ws/src/my_robot_package/build/my_robot_package/prefix_override:/usr/lib/python3/dist-packages/colcon_core/task/python/colcon_distutils_commands:/home/vikmo/roover_ws/PrjRoover/ros2_ws/src/my_robot_package/install/my_robot_package/lib/python3.12/site-packages:${PYTHONPATH} /usr/bin/python3 -W ignore:setup.py install is deprecated -W ignore:easy_install command is deprecated setup.py egg_info --egg-base build/my_robot_package build --build-base /home/vikmo/roover_ws/PrjRoover/ros2_ws/src/my_robot_package/build/my_robot_package/build install --record /home/vikmo/roover_ws/PrjRoover/ros2_ws/src/my_robot_package/build/my_robot_package/install.log --single-version-externally-managed install_data
