[0.086s] DEBUG:colcon:Command line arguments: ['/usr/bin/colcon', 'build']
[0.086s] DEBUG:colcon:Parsed command line arguments: Namespace(log_base=None, log_level=None, verb_name='build', build_base='build', install_base='install', merge_install=False, symlink_install=False, test_result_base=None, continue_on_error=False, executor='parallel', parallel_workers=6, event_handlers=None, ignore_user_meta=False, metas=['./colcon.meta'], base_paths=['.'], packages_ignore=None, packages_ignore_regex=None, paths=None, packages_up_to=None, packages_up_to_regex=None, packages_above=None, packages_above_and_dependencies=None, packages_above_depth=None, packages_select_by_dep=None, packages_skip_by_dep=None, packages_skip_up_to=None, packages_select_build_failed=False, packages_skip_build_finished=False, packages_select_test_failures=False, packages_skip_test_passed=False, packages_select=None, packages_skip=None, packages_select_regex=None, packages_skip_regex=None, packages_start=None, packages_end=None, allow_overriding=[], cmake_args=None, cmake_target=None, cmake_target_skip_unavailable=False, cmake_clean_cache=False, cmake_clean_first=False, cmake_force_configure=False, ament_cmake_args=None, catkin_cmake_args=None, catkin_skip_building_tests=False, mixin_files=None, mixin=None, verb_parser=<colcon_mixin.mixin.mixin_argument.MixinArgumentDecorator object at 0x7516c8477e60>, verb_extension=<colcon_core.verb.build.BuildVerb object at 0x7516c8477950>, main=<bound method BuildVerb.main of <colcon_core.verb.build.BuildVerb object at 0x7516c8477950>>, mixin_verb=('build',))
[0.118s] Level 1:colcon.colcon_core.package_discovery:discover_packages(colcon_meta) check parameters
[0.118s] Level 1:colcon.colcon_core.package_discovery:discover_packages(recursive) check parameters
[0.118s] Level 1:colcon.colcon_core.package_discovery:discover_packages(ignore) check parameters
[0.118s] Level 1:colcon.colcon_core.package_discovery:discover_packages(path) check parameters
[0.118s] Level 1:colcon.colcon_core.package_discovery:discover_packages(colcon_meta) discover
[0.118s] Level 1:colcon.colcon_core.package_discovery:discover_packages(recursive) discover
[0.118s] INFO:colcon.colcon_core.package_discovery:Crawling recursively for packages in '/home/vikmo/roover_ws/PrjRoover/ros2_lidar_ws'
[0.118s] Level 1:colcon.colcon_core.package_identification:_identify(.) by extensions ['ignore', 'ignore_ament_install']
[0.118s] Level 1:colcon.colcon_core.package_identification:_identify(.) by extension 'ignore'
[0.119s] Level 1:colcon.colcon_core.package_identification:_identify(.) by extension 'ignore_ament_install'
[0.119s] Level 1:colcon.colcon_core.package_identification:_identify(.) by extensions ['colcon_pkg']
[0.119s] Level 1:colcon.colcon_core.package_identification:_identify(.) by extension 'colcon_pkg'
[0.119s] Level 1:colcon.colcon_core.package_identification:_identify(.) by extensions ['colcon_meta']
[0.119s] Level 1:colcon.colcon_core.package_identification:_identify(.) by extension 'colcon_meta'
[0.119s] Level 1:colcon.colcon_core.package_identification:_identify(.) by extensions ['ros']
[0.119s] Level 1:colcon.colcon_core.package_identification:_identify(.) by extension 'ros'
[0.140s] Level 1:colcon.colcon_core.package_identification:_identify(.) by extensions ['cmake', 'python']
[0.140s] Level 1:colcon.colcon_core.package_identification:_identify(.) by extension 'cmake'
[0.140s] Level 1:colcon.colcon_core.package_identification:_identify(.) by extension 'python'
[0.140s] Level 1:colcon.colcon_core.package_identification:_identify(.) by extensions ['python_setup_py']
[0.140s] Level 1:colcon.colcon_core.package_identification:_identify(.) by extension 'python_setup_py'
[0.140s] Level 1:colcon.colcon_core.package_identification:_identify(build) by extensions ['ignore', 'ignore_ament_install']
[0.140s] Level 1:colcon.colcon_core.package_identification:_identify(build) by extension 'ignore'
[0.140s] Level 1:colcon.colcon_core.package_identification:_identify(build) ignored
[0.140s] Level 1:colcon.colcon_core.package_identification:_identify(install) by extensions ['ignore', 'ignore_ament_install']
[0.140s] Level 1:colcon.colcon_core.package_identification:_identify(install) by extension 'ignore'
[0.141s] Level 1:colcon.colcon_core.package_identification:_identify(install) ignored
[0.141s] Level 1:colcon.colcon_core.package_identification:_identify(log) by extensions ['ignore', 'ignore_ament_install']
[0.141s] Level 1:colcon.colcon_core.package_identification:_identify(log) by extension 'ignore'
[0.141s] Level 1:colcon.colcon_core.package_identification:_identify(log) ignored
[0.141s] Level 1:colcon.colcon_core.package_identification:_identify(src) by extensions ['ignore', 'ignore_ament_install']
[0.141s] Level 1:colcon.colcon_core.package_identification:_identify(src) by extension 'ignore'
[0.141s] Level 1:colcon.colcon_core.package_identification:_identify(src) by extension 'ignore_ament_install'
[0.141s] Level 1:colcon.colcon_core.package_identification:_identify(src) by extensions ['colcon_pkg']
[0.141s] Level 1:colcon.colcon_core.package_identification:_identify(src) by extension 'colcon_pkg'
[0.141s] Level 1:colcon.colcon_core.package_identification:_identify(src) by extensions ['colcon_meta']
[0.141s] Level 1:colcon.colcon_core.package_identification:_identify(src) by extension 'colcon_meta'
[0.141s] Level 1:colcon.colcon_core.package_identification:_identify(src) by extensions ['ros']
[0.141s] Level 1:colcon.colcon_core.package_identification:_identify(src) by extension 'ros'
[0.141s] Level 1:colcon.colcon_core.package_identification:_identify(src) by extensions ['cmake', 'python']
[0.141s] Level 1:colcon.colcon_core.package_identification:_identify(src) by extension 'cmake'
[0.141s] Level 1:colcon.colcon_core.package_identification:_identify(src) by extension 'python'
[0.141s] Level 1:colcon.colcon_core.package_identification:_identify(src) by extensions ['python_setup_py']
[0.141s] Level 1:colcon.colcon_core.package_identification:_identify(src) by extension 'python_setup_py'
[0.141s] Level 1:colcon.colcon_core.package_identification:_identify(src/rplidar_ros) by extensions ['ignore', 'ignore_ament_install']
[0.141s] Level 1:colcon.colcon_core.package_identification:_identify(src/rplidar_ros) by extension 'ignore'
[0.141s] Level 1:colcon.colcon_core.package_identification:_identify(src/rplidar_ros) by extension 'ignore_ament_install'
[0.141s] Level 1:colcon.colcon_core.package_identification:_identify(src/rplidar_ros) by extensions ['colcon_pkg']
[0.141s] Level 1:colcon.colcon_core.package_identification:_identify(src/rplidar_ros) by extension 'colcon_pkg'
[0.141s] Level 1:colcon.colcon_core.package_identification:_identify(src/rplidar_ros) by extensions ['colcon_meta']
[0.141s] Level 1:colcon.colcon_core.package_identification:_identify(src/rplidar_ros) by extension 'colcon_meta'
[0.142s] Level 1:colcon.colcon_core.package_identification:_identify(src/rplidar_ros) by extensions ['ros']
[0.142s] Level 1:colcon.colcon_core.package_identification:_identify(src/rplidar_ros) by extension 'ros'
[0.144s] DEBUG:colcon.colcon_core.package_identification:Package 'src/rplidar_ros' with type 'ros.ament_cmake' and name 'rplidar_ros'
[0.144s] Level 1:colcon.colcon_core.package_discovery:discover_packages(recursive) using defaults
[0.144s] Level 1:colcon.colcon_core.package_discovery:discover_packages(ignore) discover
[0.144s] Level 1:colcon.colcon_core.package_discovery:discover_packages(ignore) using defaults
[0.144s] Level 1:colcon.colcon_core.package_discovery:discover_packages(path) discover
[0.144s] Level 1:colcon.colcon_core.package_discovery:discover_packages(path) using defaults
[0.158s] Level 1:colcon.colcon_core.package_discovery:discover_packages(prefix_path) check parameters
[0.158s] Level 1:colcon.colcon_core.package_discovery:discover_packages(prefix_path) discover
[0.159s] WARNING:colcon.colcon_ros.prefix_path.ament:The path '/home/vikmo/roover_ws/PrjRoover/ros2_lidar_ws/install/rplidar_ros' in the environment variable AMENT_PREFIX_PATH doesn't exist
[0.159s] WARNING:colcon.colcon_ros.prefix_path.catkin:The path '/home/vikmo/roover_ws/PrjRoover/ros2_lidar_ws/install/rplidar_ros' in the environment variable CMAKE_PREFIX_PATH doesn't exist
[0.159s] DEBUG:colcon.colcon_installed_package_information.package_discovery:Found 0 installed packages in /home/vikmo/roover_ws/PrjRoover/ros2_lidar_ws/install
[0.160s] DEBUG:colcon.colcon_installed_package_information.package_discovery:Found 1 installed packages in /home/vikmo/roover_ws/PrjRoover/ros2_ws/install
[0.160s] DEBUG:colcon.colcon_installed_package_information.package_discovery:Found 1 installed packages in /home/vikmo/ros2_lidar_ws/install
[0.160s] DEBUG:colcon.colcon_installed_package_information.package_discovery:Found 1 installed packages in /home/vikmo/ros2_ws/install
[0.161s] DEBUG:colcon.colcon_installed_package_information.package_discovery:Found 1 installed packages in /home/vikmo/roover_ws/PrjRoover/ros2_ws/src/my_robot_package/install
[0.161s] DEBUG:colcon.colcon_installed_package_information.package_discovery:Found 0 installed packages in /home/vikmo/PrjRoover/ros2_ws/install
[0.163s] DEBUG:colcon.colcon_installed_package_information.package_discovery:Found 381 installed packages in /opt/ros/jazzy
[0.164s] Level 1:colcon.colcon_core.package_discovery:discover_packages(prefix_path) using defaults
[0.203s] Level 5:colcon.colcon_core.verb:set package 'rplidar_ros' build argument 'cmake_args' from command line to 'None'
[0.203s] Level 5:colcon.colcon_core.verb:set package 'rplidar_ros' build argument 'cmake_target' from command line to 'None'
[0.203s] Level 5:colcon.colcon_core.verb:set package 'rplidar_ros' build argument 'cmake_target_skip_unavailable' from command line to 'False'
[0.203s] Level 5:colcon.colcon_core.verb:set package 'rplidar_ros' build argument 'cmake_clean_cache' from command line to 'False'
[0.203s] Level 5:colcon.colcon_core.verb:set package 'rplidar_ros' build argument 'cmake_clean_first' from command line to 'False'
[0.203s] Level 5:colcon.colcon_core.verb:set package 'rplidar_ros' build argument 'cmake_force_configure' from command line to 'False'
[0.203s] Level 5:colcon.colcon_core.verb:set package 'rplidar_ros' build argument 'ament_cmake_args' from command line to 'None'
[0.203s] Level 5:colcon.colcon_core.verb:set package 'rplidar_ros' build argument 'catkin_cmake_args' from command line to 'None'
[0.203s] Level 5:colcon.colcon_core.verb:set package 'rplidar_ros' build argument 'catkin_skip_building_tests' from command line to 'False'
[0.203s] DEBUG:colcon.colcon_core.verb:Building package 'rplidar_ros' with the following arguments: {'ament_cmake_args': None, 'build_base': '/home/vikmo/roover_ws/PrjRoover/ros2_lidar_ws/build/rplidar_ros', 'catkin_cmake_args': None, 'catkin_skip_building_tests': False, 'cmake_args': None, 'cmake_clean_cache': False, 'cmake_clean_first': False, 'cmake_force_configure': False, 'cmake_target': None, 'cmake_target_skip_unavailable': False, 'install_base': '/home/vikmo/roover_ws/PrjRoover/ros2_lidar_ws/install/rplidar_ros', 'merge_install': False, 'path': '/home/vikmo/roover_ws/PrjRoover/ros2_lidar_ws/src/rplidar_ros', 'symlink_install': False, 'test_result_base': None}
[0.204s] INFO:colcon.colcon_core.executor:Executing jobs using 'parallel' executor
[0.204s] DEBUG:colcon.colcon_parallel_executor.executor.parallel:run_until_complete
[0.205s] INFO:colcon.colcon_ros.task.ament_cmake.build:Building ROS package in '/home/vikmo/roover_ws/PrjRoover/ros2_lidar_ws/src/rplidar_ros' with build type 'ament_cmake'
[0.205s] INFO:colcon.colcon_cmake.task.cmake.build:Building CMake package in '/home/vikmo/roover_ws/PrjRoover/ros2_lidar_ws/src/rplidar_ros'
[0.206s] INFO:colcon.colcon_core.plugin_system:Skipping extension 'colcon_core.shell.bat': Not used on non-Windows systems
[0.206s] INFO:colcon.colcon_core.shell:Skip shell extension 'powershell' for command environment: Not usable outside of PowerShell
[0.206s] DEBUG:colcon.colcon_core.shell:Skip shell extension 'dsv' for command environment
[0.215s] DEBUG:colcon.colcon_core.event_handler.log_command:Invoking command in '/home/vikmo/roover_ws/PrjRoover/ros2_lidar_ws/build/rplidar_ros': CMAKE_PREFIX_PATH=${CMAKE_PREFIX_PATH}:/home/vikmo/roover_ws/PrjRoover/ros2_ws/install/my_robot_package:/home/vikmo/roover_ws/PrjRoover/ros2_ws/src/my_robot_package/install/my_robot_package:/home/vikmo/ros2_ws/install/my_robot_controller:/opt/ros/jazzy DEBUGINFOD_URLS=https://debuginfod.ubuntu.com /usr/bin/cmake /home/vikmo/roover_ws/PrjRoover/ros2_lidar_ws/src/rplidar_ros -DCMAKE_INSTALL_PREFIX=/home/vikmo/roover_ws/PrjRoover/ros2_lidar_ws/install/rplidar_ros
[1.392s] DEBUG:colcon.colcon_core.event_handler.log_command:Invoked command in '/home/vikmo/roover_ws/PrjRoover/ros2_lidar_ws/build/rplidar_ros' returned '0': CMAKE_PREFIX_PATH=${CMAKE_PREFIX_PATH}:/home/vikmo/roover_ws/PrjRoover/ros2_ws/install/my_robot_package:/home/vikmo/roover_ws/PrjRoover/ros2_ws/src/my_robot_package/install/my_robot_package:/home/vikmo/ros2_ws/install/my_robot_controller:/opt/ros/jazzy DEBUGINFOD_URLS=https://debuginfod.ubuntu.com /usr/bin/cmake /home/vikmo/roover_ws/PrjRoover/ros2_lidar_ws/src/rplidar_ros -DCMAKE_INSTALL_PREFIX=/home/vikmo/roover_ws/PrjRoover/ros2_lidar_ws/install/rplidar_ros
[1.394s] DEBUG:colcon.colcon_core.event_handler.log_command:Invoking command in '/home/vikmo/roover_ws/PrjRoover/ros2_lidar_ws/build/rplidar_ros': CMAKE_PREFIX_PATH=${CMAKE_PREFIX_PATH}:/home/vikmo/roover_ws/PrjRoover/ros2_ws/install/my_robot_package:/home/vikmo/roover_ws/PrjRoover/ros2_ws/src/my_robot_package/install/my_robot_package:/home/vikmo/ros2_ws/install/my_robot_controller:/opt/ros/jazzy DEBUGINFOD_URLS=https://debuginfod.ubuntu.com /usr/bin/cmake --build /home/vikmo/roover_ws/PrjRoover/ros2_lidar_ws/build/rplidar_ros -- -j6 -l6
[8.921s] DEBUG:colcon.colcon_core.event_handler.log_command:Invoked command in '/home/vikmo/roover_ws/PrjRoover/ros2_lidar_ws/build/rplidar_ros' returned '0': CMAKE_PREFIX_PATH=${CMAKE_PREFIX_PATH}:/home/vikmo/roover_ws/PrjRoover/ros2_ws/install/my_robot_package:/home/vikmo/roover_ws/PrjRoover/ros2_ws/src/my_robot_package/install/my_robot_package:/home/vikmo/ros2_ws/install/my_robot_controller:/opt/ros/jazzy DEBUGINFOD_URLS=https://debuginfod.ubuntu.com /usr/bin/cmake --build /home/vikmo/roover_ws/PrjRoover/ros2_lidar_ws/build/rplidar_ros -- -j6 -l6
[8.930s] DEBUG:colcon.colcon_core.event_handler.log_command:Invoking command in '/home/vikmo/roover_ws/PrjRoover/ros2_lidar_ws/build/rplidar_ros': CMAKE_PREFIX_PATH=${CMAKE_PREFIX_PATH}:/home/vikmo/roover_ws/PrjRoover/ros2_ws/install/my_robot_package:/home/vikmo/roover_ws/PrjRoover/ros2_ws/src/my_robot_package/install/my_robot_package:/home/vikmo/ros2_ws/install/my_robot_controller:/opt/ros/jazzy DEBUGINFOD_URLS=https://debuginfod.ubuntu.com /usr/bin/cmake --install /home/vikmo/roover_ws/PrjRoover/ros2_lidar_ws/build/rplidar_ros
[8.950s] Level 1:colcon.colcon_core.environment:create_environment_scripts_only(rplidar_ros)
[8.950s] DEBUG:colcon.colcon_core.event_handler.log_command:Invoked command in '/home/vikmo/roover_ws/PrjRoover/ros2_lidar_ws/build/rplidar_ros' returned '0': CMAKE_PREFIX_PATH=${CMAKE_PREFIX_PATH}:/home/vikmo/roover_ws/PrjRoover/ros2_ws/install/my_robot_package:/home/vikmo/roover_ws/PrjRoover/ros2_ws/src/my_robot_package/install/my_robot_package:/home/vikmo/ros2_ws/install/my_robot_controller:/opt/ros/jazzy DEBUGINFOD_URLS=https://debuginfod.ubuntu.com /usr/bin/cmake --install /home/vikmo/roover_ws/PrjRoover/ros2_lidar_ws/build/rplidar_ros
[8.952s] Level 1:colcon.colcon_core.environment:checking '/home/vikmo/roover_ws/PrjRoover/ros2_lidar_ws/install/rplidar_ros' for CMake module files
[8.953s] Level 1:colcon.colcon_core.environment:checking '/home/vikmo/roover_ws/PrjRoover/ros2_lidar_ws/install/rplidar_ros' for CMake config files
[8.953s] Level 1:colcon.colcon_core.shell:create_environment_hook('rplidar_ros', 'cmake_prefix_path')
[8.953s] INFO:colcon.colcon_core.shell:Creating environment hook '/home/vikmo/roover_ws/PrjRoover/ros2_lidar_ws/install/rplidar_ros/share/rplidar_ros/hook/cmake_prefix_path.ps1'
[8.953s] INFO:colcon.colcon_core.shell:Creating environment descriptor '/home/vikmo/roover_ws/PrjRoover/ros2_lidar_ws/install/rplidar_ros/share/rplidar_ros/hook/cmake_prefix_path.dsv'
[8.953s] INFO:colcon.colcon_core.shell:Creating environment hook '/home/vikmo/roover_ws/PrjRoover/ros2_lidar_ws/install/rplidar_ros/share/rplidar_ros/hook/cmake_prefix_path.sh'
[8.954s] Level 1:colcon.colcon_core.environment:checking '/home/vikmo/roover_ws/PrjRoover/ros2_lidar_ws/install/rplidar_ros/lib'
[8.954s] Level 1:colcon.colcon_core.environment:checking '/home/vikmo/roover_ws/PrjRoover/ros2_lidar_ws/install/rplidar_ros/bin'
[8.954s] Level 1:colcon.colcon_core.environment:checking '/home/vikmo/roover_ws/PrjRoover/ros2_lidar_ws/install/rplidar_ros/lib/pkgconfig/rplidar_ros.pc'
[8.955s] Level 1:colcon.colcon_core.environment:checking '/home/vikmo/roover_ws/PrjRoover/ros2_lidar_ws/install/rplidar_ros/lib/python3.12/site-packages'
[8.955s] Level 1:colcon.colcon_core.environment:checking '/home/vikmo/roover_ws/PrjRoover/ros2_lidar_ws/install/rplidar_ros/bin'
[8.955s] INFO:colcon.colcon_core.shell:Creating package script '/home/vikmo/roover_ws/PrjRoover/ros2_lidar_ws/install/rplidar_ros/share/rplidar_ros/package.ps1'
[8.955s] INFO:colcon.colcon_core.shell:Creating package descriptor '/home/vikmo/roover_ws/PrjRoover/ros2_lidar_ws/install/rplidar_ros/share/rplidar_ros/package.dsv'
[8.956s] INFO:colcon.colcon_core.shell:Creating package script '/home/vikmo/roover_ws/PrjRoover/ros2_lidar_ws/install/rplidar_ros/share/rplidar_ros/package.sh'
[8.956s] INFO:colcon.colcon_core.shell:Creating package script '/home/vikmo/roover_ws/PrjRoover/ros2_lidar_ws/install/rplidar_ros/share/rplidar_ros/package.bash'
[8.956s] INFO:colcon.colcon_core.shell:Creating package script '/home/vikmo/roover_ws/PrjRoover/ros2_lidar_ws/install/rplidar_ros/share/rplidar_ros/package.zsh'
[8.957s] Level 1:colcon.colcon_core.environment:create_file_with_runtime_dependencies(/home/vikmo/roover_ws/PrjRoover/ros2_lidar_ws/install/rplidar_ros/share/colcon-core/packages/rplidar_ros)
[8.957s] Level 1:colcon.colcon_core.environment:create_environment_scripts_only(rplidar_ros)
[8.957s] Level 1:colcon.colcon_core.environment:checking '/home/vikmo/roover_ws/PrjRoover/ros2_lidar_ws/install/rplidar_ros' for CMake module files
[8.958s] Level 1:colcon.colcon_core.environment:checking '/home/vikmo/roover_ws/PrjRoover/ros2_lidar_ws/install/rplidar_ros' for CMake config files
[8.958s] Level 1:colcon.colcon_core.shell:create_environment_hook('rplidar_ros', 'cmake_prefix_path')
[8.958s] INFO:colcon.colcon_core.shell:Creating environment hook '/home/vikmo/roover_ws/PrjRoover/ros2_lidar_ws/install/rplidar_ros/share/rplidar_ros/hook/cmake_prefix_path.ps1'
[8.958s] INFO:colcon.colcon_core.shell:Creating environment descriptor '/home/vikmo/roover_ws/PrjRoover/ros2_lidar_ws/install/rplidar_ros/share/rplidar_ros/hook/cmake_prefix_path.dsv'
[8.959s] INFO:colcon.colcon_core.shell:Creating environment hook '/home/vikmo/roover_ws/PrjRoover/ros2_lidar_ws/install/rplidar_ros/share/rplidar_ros/hook/cmake_prefix_path.sh'
[8.959s] Level 1:colcon.colcon_core.environment:checking '/home/vikmo/roover_ws/PrjRoover/ros2_lidar_ws/install/rplidar_ros/lib'
[8.959s] Level 1:colcon.colcon_core.environment:checking '/home/vikmo/roover_ws/PrjRoover/ros2_lidar_ws/install/rplidar_ros/bin'
[8.959s] Level 1:colcon.colcon_core.environment:checking '/home/vikmo/roover_ws/PrjRoover/ros2_lidar_ws/install/rplidar_ros/lib/pkgconfig/rplidar_ros.pc'
[8.959s] Level 1:colcon.colcon_core.environment:checking '/home/vikmo/roover_ws/PrjRoover/ros2_lidar_ws/install/rplidar_ros/lib/python3.12/site-packages'
[8.959s] Level 1:colcon.colcon_core.environment:checking '/home/vikmo/roover_ws/PrjRoover/ros2_lidar_ws/install/rplidar_ros/bin'
[8.960s] INFO:colcon.colcon_core.shell:Creating package script '/home/vikmo/roover_ws/PrjRoover/ros2_lidar_ws/install/rplidar_ros/share/rplidar_ros/package.ps1'
[8.960s] INFO:colcon.colcon_core.shell:Creating package descriptor '/home/vikmo/roover_ws/PrjRoover/ros2_lidar_ws/install/rplidar_ros/share/rplidar_ros/package.dsv'
[8.960s] INFO:colcon.colcon_core.shell:Creating package script '/home/vikmo/roover_ws/PrjRoover/ros2_lidar_ws/install/rplidar_ros/share/rplidar_ros/package.sh'
[8.961s] INFO:colcon.colcon_core.shell:Creating package script '/home/vikmo/roover_ws/PrjRoover/ros2_lidar_ws/install/rplidar_ros/share/rplidar_ros/package.bash'
[8.961s] INFO:colcon.colcon_core.shell:Creating package script '/home/vikmo/roover_ws/PrjRoover/ros2_lidar_ws/install/rplidar_ros/share/rplidar_ros/package.zsh'
[8.961s] Level 1:colcon.colcon_core.environment:create_file_with_runtime_dependencies(/home/vikmo/roover_ws/PrjRoover/ros2_lidar_ws/install/rplidar_ros/share/colcon-core/packages/rplidar_ros)
[8.962s] DEBUG:colcon.colcon_parallel_executor.executor.parallel:closing loop
[8.962s] DEBUG:colcon.colcon_parallel_executor.executor.parallel:loop closed
[8.962s] DEBUG:colcon.colcon_parallel_executor.executor.parallel:run_until_complete finished with '0'
[8.962s] DEBUG:colcon.colcon_core.event_reactor:joining thread
[8.977s] INFO:colcon.colcon_core.plugin_system:Skipping extension 'colcon_notification.desktop_notification.terminal_notifier': Not used on non-Darwin systems
[8.977s] INFO:colcon.colcon_core.plugin_system:Skipping extension 'colcon_notification.desktop_notification.win32': Not used on non-Windows systems
[8.977s] INFO:colcon.colcon_notification.desktop_notification:Sending desktop notification using 'notify2'
[8.990s] DEBUG:colcon.colcon_core.event_reactor:joined thread
[8.990s] INFO:colcon.colcon_core.shell:Creating prefix script '/home/vikmo/roover_ws/PrjRoover/ros2_lidar_ws/install/local_setup.ps1'
[8.991s] INFO:colcon.colcon_core.shell:Creating prefix util module '/home/vikmo/roover_ws/PrjRoover/ros2_lidar_ws/install/_local_setup_util_ps1.py'
[8.991s] INFO:colcon.colcon_core.shell:Creating prefix chain script '/home/vikmo/roover_ws/PrjRoover/ros2_lidar_ws/install/setup.ps1'
[8.992s] INFO:colcon.colcon_core.shell:Creating prefix script '/home/vikmo/roover_ws/PrjRoover/ros2_lidar_ws/install/local_setup.sh'
[8.993s] INFO:colcon.colcon_core.shell:Creating prefix util module '/home/vikmo/roover_ws/PrjRoover/ros2_lidar_ws/install/_local_setup_util_sh.py'
[8.993s] INFO:colcon.colcon_core.shell:Creating prefix chain script '/home/vikmo/roover_ws/PrjRoover/ros2_lidar_ws/install/setup.sh'
[8.994s] INFO:colcon.colcon_core.shell:Creating prefix script '/home/vikmo/roover_ws/PrjRoover/ros2_lidar_ws/install/local_setup.bash'
[8.995s] INFO:colcon.colcon_core.shell:Creating prefix chain script '/home/vikmo/roover_ws/PrjRoover/ros2_lidar_ws/install/setup.bash'
[8.996s] INFO:colcon.colcon_core.shell:Creating prefix script '/home/vikmo/roover_ws/PrjRoover/ros2_lidar_ws/install/local_setup.zsh'
[8.996s] INFO:colcon.colcon_core.shell:Creating prefix chain script '/home/vikmo/roover_ws/PrjRoover/ros2_lidar_ws/install/setup.zsh'
