[0.725s] Invoking command in '/home/vikmo/roover_ws/PrjRoover/ros2_ws/src/my_robot_package': DEBUGINFOD_URLS=https://debuginfod.ubuntu.com PYTHONPATH=/home/vikmo/roover_ws/PrjRoover/ros2_ws/build/my_robot_package/prefix_override:/usr/lib/python3/dist-packages/colcon_core/task/python/colcon_distutils_commands:/home/vikmo/roover_ws/PrjRoover/ros2_ws/install/my_robot_package/lib/python3.12/site-packages:${PYTHONPATH} /usr/bin/python3 -W ignore:setup.py install is deprecated -W ignore:easy_install command is deprecated setup.py egg_info --egg-base ../../build/my_robot_package build --build-base /home/vikmo/roover_ws/PrjRoover/ros2_ws/build/my_robot_package/build install --record /home/vikmo/roover_ws/PrjRoover/ros2_ws/build/my_robot_package/install.log --single-version-externally-managed install_data
[0.949s] running egg_info
[0.949s] creating ../../build/my_robot_package/my_robot_package.egg-info
[0.964s] writing ../../build/my_robot_package/my_robot_package.egg-info/PKG-INFO
[0.964s] writing dependency_links to ../../build/my_robot_package/my_robot_package.egg-info/dependency_links.txt
[0.964s] writing entry points to ../../build/my_robot_package/my_robot_package.egg-info/entry_points.txt
[0.964s] writing requirements to ../../build/my_robot_package/my_robot_package.egg-info/requires.txt
[0.964s] writing top-level names to ../../build/my_robot_package/my_robot_package.egg-info/top_level.txt
[0.964s] writing manifest file '../../build/my_robot_package/my_robot_package.egg-info/SOURCES.txt'
[0.995s] reading manifest file '../../build/my_robot_package/my_robot_package.egg-info/SOURCES.txt'
[0.996s] writing manifest file '../../build/my_robot_package/my_robot_package.egg-info/SOURCES.txt'
[0.996s] running build
[0.996s] running build_py
[0.996s] creating /home/vikmo/roover_ws/PrjRoover/ros2_ws/build/my_robot_package/build
[0.997s] creating /home/vikmo/roover_ws/PrjRoover/ros2_ws/build/my_robot_package/build/lib
[0.997s] creating /home/vikmo/roover_ws/PrjRoover/ros2_ws/build/my_robot_package/build/lib/my_robot_package
[0.997s] copying my_robot_package/joy_to_cmd_vel.py -> /home/vikmo/roover_ws/PrjRoover/ros2_ws/build/my_robot_package/build/lib/my_robot_package
[0.997s] copying my_robot_package/__init__.py -> /home/vikmo/roover_ws/PrjRoover/ros2_ws/build/my_robot_package/build/lib/my_robot_package
[0.997s] copying my_robot_package/cmd_vel_to_motors.py -> /home/vikmo/roover_ws/PrjRoover/ros2_ws/build/my_robot_package/build/lib/my_robot_package
[0.997s] running install
[1.001s] running install_lib
[1.018s] creating /home/vikmo/roover_ws/PrjRoover/ros2_ws/install/my_robot_package/lib/python3.12/site-packages/my_robot_package
[1.018s] copying /home/vikmo/roover_ws/PrjRoover/ros2_ws/build/my_robot_package/build/lib/my_robot_package/joy_to_cmd_vel.py -> /home/vikmo/roover_ws/PrjRoover/ros2_ws/install/my_robot_package/lib/python3.12/site-packages/my_robot_package
[1.018s] copying /home/vikmo/roover_ws/PrjRoover/ros2_ws/build/my_robot_package/build/lib/my_robot_package/__init__.py -> /home/vikmo/roover_ws/PrjRoover/ros2_ws/install/my_robot_package/lib/python3.12/site-packages/my_robot_package
[1.018s] copying /home/vikmo/roover_ws/PrjRoover/ros2_ws/build/my_robot_package/build/lib/my_robot_package/cmd_vel_to_motors.py -> /home/vikmo/roover_ws/PrjRoover/ros2_ws/install/my_robot_package/lib/python3.12/site-packages/my_robot_package
[1.018s] byte-compiling /home/vikmo/roover_ws/PrjRoover/ros2_ws/install/my_robot_package/lib/python3.12/site-packages/my_robot_package/joy_to_cmd_vel.py to joy_to_cmd_vel.cpython-312.pyc
[1.019s] byte-compiling /home/vikmo/roover_ws/PrjRoover/ros2_ws/install/my_robot_package/lib/python3.12/site-packages/my_robot_package/__init__.py to __init__.cpython-312.pyc
[1.019s] byte-compiling /home/vikmo/roover_ws/PrjRoover/ros2_ws/install/my_robot_package/lib/python3.12/site-packages/my_robot_package/cmd_vel_to_motors.py to cmd_vel_to_motors.cpython-312.pyc
[1.021s] running install_data
[1.021s] creating /home/vikmo/roover_ws/PrjRoover/ros2_ws/install/my_robot_package/share/ament_index
[1.021s] creating /home/vikmo/roover_ws/PrjRoover/ros2_ws/install/my_robot_package/share/ament_index/resource_index
[1.021s] creating /home/vikmo/roover_ws/PrjRoover/ros2_ws/install/my_robot_package/share/ament_index/resource_index/packages
[1.021s] copying resource/my_robot_package -> /home/vikmo/roover_ws/PrjRoover/ros2_ws/install/my_robot_package/share/ament_index/resource_index/packages
[1.021s] copying package.xml -> /home/vikmo/roover_ws/PrjRoover/ros2_ws/install/my_robot_package/share/my_robot_package
[1.021s] creating /home/vikmo/roover_ws/PrjRoover/ros2_ws/install/my_robot_package/share/my_robot_package/launch
[1.021s] copying launch/roover_control.launch.py -> /home/vikmo/roover_ws/PrjRoover/ros2_ws/install/my_robot_package/share/my_robot_package/launch
[1.021s] copying launch/roover_slam.launch.py -> /home/vikmo/roover_ws/PrjRoover/ros2_ws/install/my_robot_package/share/my_robot_package/launch
[1.021s] running install_egg_info
[1.040s] Copying ../../build/my_robot_package/my_robot_package.egg-info to /home/vikmo/roover_ws/PrjRoover/ros2_ws/install/my_robot_package/lib/python3.12/site-packages/my_robot_package-0.0.0-py3.12.egg-info
[1.043s] running install_scripts
[1.158s] Installing cmd_vel_to_motors script to /home/vikmo/roover_ws/PrjRoover/ros2_ws/install/my_robot_package/lib/my_robot_package
[1.159s] Installing joy_to_cmd_vel script to /home/vikmo/roover_ws/PrjRoover/ros2_ws/install/my_robot_package/lib/my_robot_package
[1.159s] writing list of installed files to '/home/vikmo/roover_ws/PrjRoover/ros2_ws/build/my_robot_package/install.log'
[1.181s] Invoked command in '/home/vikmo/roover_ws/PrjRoover/ros2_ws/src/my_robot_package' returned '0': DEBUGINFOD_URLS=https://debuginfod.ubuntu.com PYTHONPATH=/home/vikmo/roover_ws/PrjRoover/ros2_ws/build/my_robot_package/prefix_override:/usr/lib/python3/dist-packages/colcon_core/task/python/colcon_distutils_commands:/home/vikmo/roover_ws/PrjRoover/ros2_ws/install/my_robot_package/lib/python3.12/site-packages:${PYTHONPATH} /usr/bin/python3 -W ignore:setup.py install is deprecated -W ignore:easy_install command is deprecated setup.py egg_info --egg-base ../../build/my_robot_package build --build-base /home/vikmo/roover_ws/PrjRoover/ros2_ws/build/my_robot_package/build install --record /home/vikmo/roover_ws/PrjRoover/ros2_ws/build/my_robot_package/install.log --single-version-externally-managed install_data
