running egg_info
creating ../../../build/my_robot_package/my_robot_package.egg-info
writing ../../../build/my_robot_package/my_robot_package.egg-info/PKG-INFO
writing dependency_links to ../../../build/my_robot_package/my_robot_package.egg-info/dependency_links.txt
writing entry points to ../../../build/my_robot_package/my_robot_package.egg-info/entry_points.txt
writing requirements to ../../../build/my_robot_package/my_robot_package.egg-info/requires.txt
writing top-level names to ../../../build/my_robot_package/my_robot_package.egg-info/top_level.txt
writing manifest file '../../../build/my_robot_package/my_robot_package.egg-info/SOURCES.txt'
reading manifest file '../../../build/my_robot_package/my_robot_package.egg-info/SOURCES.txt'
writing manifest file '../../../build/my_robot_package/my_robot_package.egg-info/SOURCES.txt'
running build
running build_py
creating /home/vikmo/roover_ws/PrjRoover/build/my_robot_package/build
creating /home/vikmo/roover_ws/PrjRoover/build/my_robot_package/build/lib
creating /home/vikmo/roover_ws/PrjRoover/build/my_robot_package/build/lib/my_robot_package
copying my_robot_package/joy_to_cmd_vel.py -> /home/vikmo/roover_ws/PrjRoover/build/my_robot_package/build/lib/my_robot_package
copying my_robot_package/__init__.py -> /home/vikmo/roover_ws/PrjRoover/build/my_robot_package/build/lib/my_robot_package
copying my_robot_package/cmd_vel_to_motors.py -> /home/vikmo/roover_ws/PrjRoover/build/my_robot_package/build/lib/my_robot_package
running install
running install_lib
creating /home/vikmo/roover_ws/PrjRoover/install/my_robot_package/lib/python3.12/site-packages/my_robot_package
copying /home/vikmo/roover_ws/PrjRoover/build/my_robot_package/build/lib/my_robot_package/joy_to_cmd_vel.py -> /home/vikmo/roover_ws/PrjRoover/install/my_robot_package/lib/python3.12/site-packages/my_robot_package
copying /home/vikmo/roover_ws/PrjRoover/build/my_robot_package/build/lib/my_robot_package/__init__.py -> /home/vikmo/roover_ws/PrjRoover/install/my_robot_package/lib/python3.12/site-packages/my_robot_package
copying /home/vikmo/roover_ws/PrjRoover/build/my_robot_package/build/lib/my_robot_package/cmd_vel_to_motors.py -> /home/vikmo/roover_ws/PrjRoover/install/my_robot_package/lib/python3.12/site-packages/my_robot_package
byte-compiling /home/vikmo/roover_ws/PrjRoover/install/my_robot_package/lib/python3.12/site-packages/my_robot_package/joy_to_cmd_vel.py to joy_to_cmd_vel.cpython-312.pyc
byte-compiling /home/vikmo/roover_ws/PrjRoover/install/my_robot_package/lib/python3.12/site-packages/my_robot_package/__init__.py to __init__.cpython-312.pyc
byte-compiling /home/vikmo/roover_ws/PrjRoover/install/my_robot_package/lib/python3.12/site-packages/my_robot_package/cmd_vel_to_motors.py to cmd_vel_to_motors.cpython-312.pyc
running install_data
creating /home/vikmo/roover_ws/PrjRoover/install/my_robot_package/share/ament_index
creating /home/vikmo/roover_ws/PrjRoover/install/my_robot_package/share/ament_index/resource_index
creating /home/vikmo/roover_ws/PrjRoover/install/my_robot_package/share/ament_index/resource_index/packages
copying resource/my_robot_package -> /home/vikmo/roover_ws/PrjRoover/install/my_robot_package/share/ament_index/resource_index/packages
copying package.xml -> /home/vikmo/roover_ws/PrjRoover/install/my_robot_package/share/my_robot_package
creating /home/vikmo/roover_ws/PrjRoover/install/my_robot_package/share/my_robot_package/launch
copying launch/lidar_and_motor_launch.py -> /home/vikmo/roover_ws/PrjRoover/install/my_robot_package/share/my_robot_package/launch
copying launch/roover_control.launch.py -> /home/vikmo/roover_ws/PrjRoover/install/my_robot_package/share/my_robot_package/launch
copying launch/roover_slam.launch.py -> /home/vikmo/roover_ws/PrjRoover/install/my_robot_package/share/my_robot_package/launch
error: can't copy 'launch/odom_publisher_launch.py': doesn't exist or not a regular file
