[2.832s] Invoking command in '/home/vikmo/roover_ws/PrjRoover/ros2_ws/src/my_robot_package': DEBUGINFOD_URLS=https://debuginfod.ubuntu.com PYTHONPATH=/home/vikmo/roover_ws/PrjRoover/build/my_robot_package/prefix_override:/usr/lib/python3/dist-packages/colcon_core/task/python/colcon_distutils_commands:/home/vikmo/roover_ws/PrjRoover/install/my_robot_package/lib/python3.12/site-packages:${PYTHONPATH} /usr/bin/python3 -W ignore:setup.py install is deprecated -W ignore:easy_install command is deprecated setup.py egg_info --egg-base ../../../build/my_robot_package build --build-base /home/vikmo/roover_ws/PrjRoover/build/my_robot_package/build install --record /home/vikmo/roover_ws/PrjRoover/build/my_robot_package/install.log --single-version-externally-managed install_data
[3.633s] running egg_info
[3.635s] creating ../../../build/my_robot_package/my_robot_package.egg-info
[3.704s] writing ../../../build/my_robot_package/my_robot_package.egg-info/PKG-INFO
[3.705s] writing dependency_links to ../../../build/my_robot_package/my_robot_package.egg-info/dependency_links.txt
[3.705s] writing entry points to ../../../build/my_robot_package/my_robot_package.egg-info/entry_points.txt
[3.706s] writing requirements to ../../../build/my_robot_package/my_robot_package.egg-info/requires.txt
[3.706s] writing top-level names to ../../../build/my_robot_package/my_robot_package.egg-info/top_level.txt
[3.706s] writing manifest file '../../../build/my_robot_package/my_robot_package.egg-info/SOURCES.txt'
[3.815s] reading manifest file '../../../build/my_robot_package/my_robot_package.egg-info/SOURCES.txt'
[3.818s] writing manifest file '../../../build/my_robot_package/my_robot_package.egg-info/SOURCES.txt'
[3.818s] running build
[3.818s] running build_py
[3.819s] creating /home/vikmo/roover_ws/PrjRoover/build/my_robot_package/build
[3.819s] creating /home/vikmo/roover_ws/PrjRoover/build/my_robot_package/build/lib
[3.819s] creating /home/vikmo/roover_ws/PrjRoover/build/my_robot_package/build/lib/my_robot_package
[3.820s] copying my_robot_package/joy_to_cmd_vel.py -> /home/vikmo/roover_ws/PrjRoover/build/my_robot_package/build/lib/my_robot_package
[3.820s] copying my_robot_package/__init__.py -> /home/vikmo/roover_ws/PrjRoover/build/my_robot_package/build/lib/my_robot_package
[3.820s] copying my_robot_package/cmd_vel_to_motors.py -> /home/vikmo/roover_ws/PrjRoover/build/my_robot_package/build/lib/my_robot_package
[3.822s] running install
[3.840s] running install_lib
[3.905s] creating /home/vikmo/roover_ws/PrjRoover/install/my_robot_package/lib/python3.12/site-packages/my_robot_package
[3.905s] copying /home/vikmo/roover_ws/PrjRoover/build/my_robot_package/build/lib/my_robot_package/joy_to_cmd_vel.py -> /home/vikmo/roover_ws/PrjRoover/install/my_robot_package/lib/python3.12/site-packages/my_robot_package
[3.905s] copying /home/vikmo/roover_ws/PrjRoover/build/my_robot_package/build/lib/my_robot_package/__init__.py -> /home/vikmo/roover_ws/PrjRoover/install/my_robot_package/lib/python3.12/site-packages/my_robot_package
[3.905s] copying /home/vikmo/roover_ws/PrjRoover/build/my_robot_package/build/lib/my_robot_package/cmd_vel_to_motors.py -> /home/vikmo/roover_ws/PrjRoover/install/my_robot_package/lib/python3.12/site-packages/my_robot_package
[3.907s] byte-compiling /home/vikmo/roover_ws/PrjRoover/install/my_robot_package/lib/python3.12/site-packages/my_robot_package/joy_to_cmd_vel.py to joy_to_cmd_vel.cpython-312.pyc
[3.909s] byte-compiling /home/vikmo/roover_ws/PrjRoover/install/my_robot_package/lib/python3.12/site-packages/my_robot_package/__init__.py to __init__.cpython-312.pyc
[3.909s] byte-compiling /home/vikmo/roover_ws/PrjRoover/install/my_robot_package/lib/python3.12/site-packages/my_robot_package/cmd_vel_to_motors.py to cmd_vel_to_motors.cpython-312.pyc
[3.913s] running install_data
[3.913s] creating /home/vikmo/roover_ws/PrjRoover/install/my_robot_package/share/ament_index
[3.914s] creating /home/vikmo/roover_ws/PrjRoover/install/my_robot_package/share/ament_index/resource_index
[3.914s] creating /home/vikmo/roover_ws/PrjRoover/install/my_robot_package/share/ament_index/resource_index/packages
[3.914s] copying resource/my_robot_package -> /home/vikmo/roover_ws/PrjRoover/install/my_robot_package/share/ament_index/resource_index/packages
[3.914s] copying package.xml -> /home/vikmo/roover_ws/PrjRoover/install/my_robot_package/share/my_robot_package
[3.915s] creating /home/vikmo/roover_ws/PrjRoover/install/my_robot_package/share/my_robot_package/launch
[3.915s] copying launch/lidar_and_motor_launch.py -> /home/vikmo/roover_ws/PrjRoover/install/my_robot_package/share/my_robot_package/launch
[3.916s] copying launch/roover_control.launch.py -> /home/vikmo/roover_ws/PrjRoover/install/my_robot_package/share/my_robot_package/launch
[3.917s] copying launch/roover_slam.launch.py -> /home/vikmo/roover_ws/PrjRoover/install/my_robot_package/share/my_robot_package/launch
[3.919s] error: can't copy 'launch/odom_publisher_launch.py': doesn't exist or not a regular file
[3.972s] Invoked command in '/home/vikmo/roover_ws/PrjRoover/ros2_ws/src/my_robot_package' returned '1': DEBUGINFOD_URLS=https://debuginfod.ubuntu.com PYTHONPATH=/home/vikmo/roover_ws/PrjRoover/build/my_robot_package/prefix_override:/usr/lib/python3/dist-packages/colcon_core/task/python/colcon_distutils_commands:/home/vikmo/roover_ws/PrjRoover/install/my_robot_package/lib/python3.12/site-packages:${PYTHONPATH} /usr/bin/python3 -W ignore:setup.py install is deprecated -W ignore:easy_install command is deprecated setup.py egg_info --egg-base ../../../build/my_robot_package build --build-base /home/vikmo/roover_ws/PrjRoover/build/my_robot_package/build install --record /home/vikmo/roover_ws/PrjRoover/build/my_robot_package/install.log --single-version-externally-managed install_data
