[0.383s] DEBUG:colcon:Command line arguments: ['/usr/bin/colcon', 'build', '--symlink-install']
[0.384s] DEBUG:colcon:Parsed command line arguments: Namespace(log_base=None, log_level=None, verb_name='build', build_base='build', install_base='install', merge_install=False, symlink_install=True, test_result_base=None, continue_on_error=False, executor='parallel', parallel_workers=4, event_handlers=None, ignore_user_meta=False, metas=['./colcon.meta'], base_paths=['.'], packages_ignore=None, packages_ignore_regex=None, paths=None, packages_up_to=None, packages_up_to_regex=None, packages_above=None, packages_above_and_dependencies=None, packages_above_depth=None, packages_select_by_dep=None, packages_skip_by_dep=None, packages_skip_up_to=None, packages_select_build_failed=False, packages_skip_build_finished=False, packages_select_test_failures=False, packages_skip_test_passed=False, packages_select=None, packages_skip=None, packages_select_regex=None, packages_skip_regex=None, packages_start=None, packages_end=None, cmake_args=None, cmake_target=None, cmake_target_skip_unavailable=False, cmake_clean_cache=False, cmake_clean_first=False, cmake_force_configure=False, ament_cmake_args=None, catkin_cmake_args=None, catkin_skip_building_tests=False, verb_parser=<colcon_defaults.argument_parser.defaults.DefaultArgumentsDecorator object at 0xffffaab8a450>, verb_extension=<colcon_core.verb.build.BuildVerb object at 0xffffaaaae5a0>, main=<bound method BuildVerb.main of <colcon_core.verb.build.BuildVerb object at 0xffffaaaae5a0>>)
[0.544s] Level 1:colcon.colcon_core.package_discovery:discover_packages(colcon_meta) check parameters
[0.545s] Level 1:colcon.colcon_core.package_discovery:discover_packages(recursive) check parameters
[0.545s] Level 1:colcon.colcon_core.package_discovery:discover_packages(ignore) check parameters
[0.545s] Level 1:colcon.colcon_core.package_discovery:discover_packages(path) check parameters
[0.545s] Level 1:colcon.colcon_core.package_discovery:discover_packages(colcon_meta) discover
[0.545s] Level 1:colcon.colcon_core.package_discovery:discover_packages(recursive) discover
[0.546s] INFO:colcon.colcon_core.package_discovery:Crawling recursively for packages in '/home/Roover/PrjRoover/ros2_ws'
[0.546s] Level 1:colcon.colcon_core.package_identification:_identify(.) by extensions ['ignore', 'ignore_ament_install']
[0.546s] Level 1:colcon.colcon_core.package_identification:_identify(.) by extension 'ignore'
[0.546s] Level 1:colcon.colcon_core.package_identification:_identify(.) by extension 'ignore_ament_install'
[0.547s] Level 1:colcon.colcon_core.package_identification:_identify(.) by extensions ['colcon_pkg']
[0.547s] Level 1:colcon.colcon_core.package_identification:_identify(.) by extension 'colcon_pkg'
[0.547s] Level 1:colcon.colcon_core.package_identification:_identify(.) by extensions ['colcon_meta']
[0.547s] Level 1:colcon.colcon_core.package_identification:_identify(.) by extension 'colcon_meta'
[0.547s] Level 1:colcon.colcon_core.package_identification:_identify(.) by extensions ['ros']
[0.547s] Level 1:colcon.colcon_core.package_identification:_identify(.) by extension 'ros'
[0.646s] Level 1:colcon.colcon_core.package_identification:_identify(.) by extensions ['cmake', 'python']
[0.646s] Level 1:colcon.colcon_core.package_identification:_identify(.) by extension 'cmake'
[0.647s] Level 1:colcon.colcon_core.package_identification:_identify(.) by extension 'python'
[0.647s] Level 1:colcon.colcon_core.package_identification:_identify(.) by extensions ['python_setup_py']
[0.647s] Level 1:colcon.colcon_core.package_identification:_identify(.) by extension 'python_setup_py'
[0.647s] Level 1:colcon.colcon_core.package_identification:_identify(build) by extensions ['ignore', 'ignore_ament_install']
[0.648s] Level 1:colcon.colcon_core.package_identification:_identify(build) by extension 'ignore'
[0.648s] Level 1:colcon.colcon_core.package_identification:_identify(build) ignored
[0.648s] Level 1:colcon.colcon_core.package_identification:_identify(install) by extensions ['ignore', 'ignore_ament_install']
[0.649s] Level 1:colcon.colcon_core.package_identification:_identify(install) by extension 'ignore'
[0.649s] Level 1:colcon.colcon_core.package_identification:_identify(install) ignored
[0.649s] Level 1:colcon.colcon_core.package_identification:_identify(log) by extensions ['ignore', 'ignore_ament_install']
[0.649s] Level 1:colcon.colcon_core.package_identification:_identify(log) by extension 'ignore'
[0.650s] Level 1:colcon.colcon_core.package_identification:_identify(log) ignored
[0.650s] Level 1:colcon.colcon_core.package_identification:_identify(src) by extensions ['ignore', 'ignore_ament_install']
[0.650s] Level 1:colcon.colcon_core.package_identification:_identify(src) by extension 'ignore'
[0.650s] Level 1:colcon.colcon_core.package_identification:_identify(src) by extension 'ignore_ament_install'
[0.651s] Level 1:colcon.colcon_core.package_identification:_identify(src) by extensions ['colcon_pkg']
[0.651s] Level 1:colcon.colcon_core.package_identification:_identify(src) by extension 'colcon_pkg'
[0.651s] Level 1:colcon.colcon_core.package_identification:_identify(src) by extensions ['colcon_meta']
[0.651s] Level 1:colcon.colcon_core.package_identification:_identify(src) by extension 'colcon_meta'
[0.651s] Level 1:colcon.colcon_core.package_identification:_identify(src) by extensions ['ros']
[0.651s] Level 1:colcon.colcon_core.package_identification:_identify(src) by extension 'ros'
[0.652s] Level 1:colcon.colcon_core.package_identification:_identify(src) by extensions ['cmake', 'python']
[0.652s] Level 1:colcon.colcon_core.package_identification:_identify(src) by extension 'cmake'
[0.652s] Level 1:colcon.colcon_core.package_identification:_identify(src) by extension 'python'
[0.652s] Level 1:colcon.colcon_core.package_identification:_identify(src) by extensions ['python_setup_py']
[0.652s] Level 1:colcon.colcon_core.package_identification:_identify(src) by extension 'python_setup_py'
[0.653s] Level 1:colcon.colcon_core.package_identification:_identify(src/my_robot_package) by extensions ['ignore', 'ignore_ament_install']
[0.653s] Level 1:colcon.colcon_core.package_identification:_identify(src/my_robot_package) by extension 'ignore'
[0.653s] Level 1:colcon.colcon_core.package_identification:_identify(src/my_robot_package) by extension 'ignore_ament_install'
[0.654s] Level 1:colcon.colcon_core.package_identification:_identify(src/my_robot_package) by extensions ['colcon_pkg']
[0.654s] Level 1:colcon.colcon_core.package_identification:_identify(src/my_robot_package) by extension 'colcon_pkg'
[0.654s] Level 1:colcon.colcon_core.package_identification:_identify(src/my_robot_package) by extensions ['colcon_meta']
[0.654s] Level 1:colcon.colcon_core.package_identification:_identify(src/my_robot_package) by extension 'colcon_meta'
[0.654s] Level 1:colcon.colcon_core.package_identification:_identify(src/my_robot_package) by extensions ['ros']
[0.654s] Level 1:colcon.colcon_core.package_identification:_identify(src/my_robot_package) by extension 'ros'
[0.662s] DEBUG:colcon.colcon_core.package_identification:Package 'src/my_robot_package' with type 'ros.ament_python' and name 'my_robot_package'
[0.662s] Level 1:colcon.colcon_core.package_discovery:discover_packages(recursive) using defaults
[0.663s] Level 1:colcon.colcon_core.package_discovery:discover_packages(ignore) discover
[0.663s] Level 1:colcon.colcon_core.package_discovery:discover_packages(ignore) using defaults
[0.663s] Level 1:colcon.colcon_core.package_discovery:discover_packages(path) discover
[0.663s] Level 1:colcon.colcon_core.package_discovery:discover_packages(path) using defaults
[0.732s] Level 5:colcon.colcon_core.verb:set package 'my_robot_package' build argument 'cmake_args' from command line to 'None'
[0.732s] Level 5:colcon.colcon_core.verb:set package 'my_robot_package' build argument 'cmake_target' from command line to 'None'
[0.732s] Level 5:colcon.colcon_core.verb:set package 'my_robot_package' build argument 'cmake_target_skip_unavailable' from command line to 'False'
[0.732s] Level 5:colcon.colcon_core.verb:set package 'my_robot_package' build argument 'cmake_clean_cache' from command line to 'False'
[0.733s] Level 5:colcon.colcon_core.verb:set package 'my_robot_package' build argument 'cmake_clean_first' from command line to 'False'
[0.733s] Level 5:colcon.colcon_core.verb:set package 'my_robot_package' build argument 'cmake_force_configure' from command line to 'False'
[0.733s] Level 5:colcon.colcon_core.verb:set package 'my_robot_package' build argument 'ament_cmake_args' from command line to 'None'
[0.733s] Level 5:colcon.colcon_core.verb:set package 'my_robot_package' build argument 'catkin_cmake_args' from command line to 'None'
[0.733s] Level 5:colcon.colcon_core.verb:set package 'my_robot_package' build argument 'catkin_skip_building_tests' from command line to 'False'
[0.733s] DEBUG:colcon.colcon_core.verb:Building package 'my_robot_package' with the following arguments: {'ament_cmake_args': None, 'build_base': '/home/Roover/PrjRoover/ros2_ws/build/my_robot_package', 'catkin_cmake_args': None, 'catkin_skip_building_tests': False, 'cmake_args': None, 'cmake_clean_cache': False, 'cmake_clean_first': False, 'cmake_force_configure': False, 'cmake_target': None, 'cmake_target_skip_unavailable': False, 'install_base': '/home/Roover/PrjRoover/ros2_ws/install/my_robot_package', 'merge_install': False, 'path': '/home/Roover/PrjRoover/ros2_ws/src/my_robot_package', 'symlink_install': True, 'test_result_base': None}
[0.733s] INFO:colcon.colcon_core.executor:Executing jobs using 'parallel' executor
[0.737s] DEBUG:colcon.colcon_parallel_executor.executor.parallel:run_until_complete
[0.738s] INFO:colcon.colcon_ros.task.ament_python.build:Building ROS package in '/home/Roover/PrjRoover/ros2_ws/src/my_robot_package' with build type 'ament_python'
[0.738s] Level 1:colcon.colcon_core.shell:create_environment_hook('my_robot_package', 'ament_prefix_path')
[0.745s] INFO:colcon.colcon_core.plugin_system:Skipping extension 'colcon_core.shell.bat': Not used on non-Windows systems
[0.746s] INFO:colcon.colcon_core.shell:Creating environment descriptor '/home/Roover/PrjRoover/ros2_ws/install/my_robot_package/share/my_robot_package/hook/ament_prefix_path.dsv'
[0.748s] INFO:colcon.colcon_core.shell:Creating environment hook '/home/Roover/PrjRoover/ros2_ws/install/my_robot_package/share/my_robot_package/hook/ament_prefix_path.sh'
[0.751s] DEBUG:colcon.colcon_core.shell:Skip shell extension 'dsv' for command environment
[1.566s] INFO:colcon.colcon_core.task.python.build:Building Python package in '/home/Roover/PrjRoover/ros2_ws/src/my_robot_package'
[1.566s] DEBUG:colcon.colcon_core.shell:Skip shell extension 'dsv' for command environment
[3.621s] DEBUG:colcon.colcon_core.event_handler.log_command:Invoking command in '/home/Roover/PrjRoover/ros2_ws/build/my_robot_package': PYTHONPATH=/home/Roover/PrjRoover/ros2_ws/build/my_robot_package/prefix_override:/usr/lib/python3/dist-packages/colcon_core/task/python/colcon_distutils_commands:/home/Roover/PrjRoover/ros2_ws/install/my_robot_package/lib/python3.12/site-packages:${PYTHONPATH} /usr/bin/python3 -W ignore:setup.py install is deprecated -W ignore:easy_install command is deprecated setup.py develop --editable --build-directory /home/Roover/PrjRoover/ros2_ws/build/my_robot_package/build --no-deps symlink_data
[6.173s] Level 1:colcon.colcon_core.shell:create_environment_hook('my_robot_package', 'pythonpath_develop')
[6.174s] INFO:colcon.colcon_core.shell:Creating environment descriptor '/home/Roover/PrjRoover/ros2_ws/build/my_robot_package/share/my_robot_package/hook/pythonpath_develop.dsv'
[6.175s] DEBUG:colcon.colcon_core.event_handler.log_command:Invoked command in '/home/Roover/PrjRoover/ros2_ws/build/my_robot_package' returned '0': PYTHONPATH=/home/Roover/PrjRoover/ros2_ws/build/my_robot_package/prefix_override:/usr/lib/python3/dist-packages/colcon_core/task/python/colcon_distutils_commands:/home/Roover/PrjRoover/ros2_ws/install/my_robot_package/lib/python3.12/site-packages:${PYTHONPATH} /usr/bin/python3 -W ignore:setup.py install is deprecated -W ignore:easy_install command is deprecated setup.py develop --editable --build-directory /home/Roover/PrjRoover/ros2_ws/build/my_robot_package/build --no-deps symlink_data
[6.177s] INFO:colcon.colcon_core.shell:Creating environment hook '/home/Roover/PrjRoover/ros2_ws/build/my_robot_package/share/my_robot_package/hook/pythonpath_develop.sh'
[6.189s] Level 1:colcon.colcon_core.environment:checking '/home/Roover/PrjRoover/ros2_ws/install/my_robot_package' for CMake module files
[6.191s] Level 1:colcon.colcon_core.environment:checking '/home/Roover/PrjRoover/ros2_ws/install/my_robot_package' for CMake config files
[6.195s] Level 1:colcon.colcon_core.environment:checking '/home/Roover/PrjRoover/ros2_ws/install/my_robot_package/lib'
[6.195s] Level 1:colcon.colcon_core.environment:checking '/home/Roover/PrjRoover/ros2_ws/install/my_robot_package/bin'
[6.196s] Level 1:colcon.colcon_core.environment:checking '/home/Roover/PrjRoover/ros2_ws/install/my_robot_package/lib/pkgconfig/my_robot_package.pc'
[6.196s] Level 1:colcon.colcon_core.environment:checking '/home/Roover/PrjRoover/ros2_ws/install/my_robot_package/lib/python3.12/site-packages'
[6.197s] Level 1:colcon.colcon_core.shell:create_environment_hook('my_robot_package', 'pythonpath')
[6.198s] INFO:colcon.colcon_core.shell:Creating environment descriptor '/home/Roover/PrjRoover/ros2_ws/install/my_robot_package/share/my_robot_package/hook/pythonpath.dsv'
[6.199s] INFO:colcon.colcon_core.shell:Creating environment hook '/home/Roover/PrjRoover/ros2_ws/install/my_robot_package/share/my_robot_package/hook/pythonpath.sh'
[6.201s] Level 1:colcon.colcon_core.environment:checking '/home/Roover/PrjRoover/ros2_ws/install/my_robot_package/bin'
[6.201s] Level 1:colcon.colcon_core.environment:create_environment_scripts_only(my_robot_package)
[6.202s] INFO:colcon.colcon_core.shell:Creating package descriptor '/home/Roover/PrjRoover/ros2_ws/install/my_robot_package/share/my_robot_package/package.dsv'
[6.204s] INFO:colcon.colcon_core.shell:Creating package script '/home/Roover/PrjRoover/ros2_ws/install/my_robot_package/share/my_robot_package/package.sh'
[6.207s] INFO:colcon.colcon_core.shell:Creating package script '/home/Roover/PrjRoover/ros2_ws/install/my_robot_package/share/my_robot_package/package.bash'
[6.209s] INFO:colcon.colcon_core.shell:Creating package script '/home/Roover/PrjRoover/ros2_ws/install/my_robot_package/share/my_robot_package/package.zsh'
[6.211s] Level 1:colcon.colcon_core.environment:create_file_with_runtime_dependencies(/home/Roover/PrjRoover/ros2_ws/install/my_robot_package/share/colcon-core/packages/my_robot_package)
[6.212s] DEBUG:colcon.colcon_parallel_executor.executor.parallel:closing loop
[6.214s] DEBUG:colcon.colcon_parallel_executor.executor.parallel:loop closed
[6.214s] DEBUG:colcon.colcon_parallel_executor.executor.parallel:run_until_complete finished with '0'
[6.214s] DEBUG:colcon.colcon_core.event_reactor:joining thread
[6.236s] INFO:colcon.colcon_core.plugin_system:Skipping extension 'colcon_notification.desktop_notification.notify_send': Could not find 'notify-send'
[6.236s] INFO:colcon.colcon_core.plugin_system:Skipping extension 'colcon_notification.desktop_notification.terminal_notifier': Not used on non-Darwin systems
[6.236s] INFO:colcon.colcon_core.plugin_system:Skipping extension 'colcon_notification.desktop_notification.win32': Not used on non-Windows systems
[6.236s] INFO:colcon.colcon_notification.desktop_notification:Sending desktop notification using 'notify2'
[6.239s] DEBUG:colcon.colcon_notification.desktop_notification.notify2:Failed to initialize notify2: org.freedesktop.DBus.Error.ServiceUnknown: The name org.freedesktop.Notifications was not provided by any .service files
[6.240s] DEBUG:colcon.colcon_core.event_reactor:joined thread
[6.240s] INFO:colcon.colcon_core.shell:Creating prefix script '/home/Roover/PrjRoover/ros2_ws/install/local_setup.sh'
[6.242s] INFO:colcon.colcon_core.shell:Creating prefix util module '/home/Roover/PrjRoover/ros2_ws/install/_local_setup_util_sh.py'
[6.247s] INFO:colcon.colcon_core.shell:Creating prefix chain script '/home/Roover/PrjRoover/ros2_ws/install/setup.sh'
[6.250s] INFO:colcon.colcon_core.shell:Creating prefix script '/home/Roover/PrjRoover/ros2_ws/install/local_setup.bash'
[6.252s] INFO:colcon.colcon_core.shell:Creating prefix chain script '/home/Roover/PrjRoover/ros2_ws/install/setup.bash'
[6.255s] INFO:colcon.colcon_core.shell:Creating prefix script '/home/Roover/PrjRoover/ros2_ws/install/local_setup.zsh'
[6.257s] INFO:colcon.colcon_core.shell:Creating prefix chain script '/home/Roover/PrjRoover/ros2_ws/install/setup.zsh'
