[0.751s] Invoking command in '/home/vikmo/roover_ws/PrjRoover/ros2_ws/build/my_robot_package': DEBUGINFOD_URLS=https://debuginfod.ubuntu.com PYTHONPATH=/home/vikmo/roover_ws/PrjRoover/ros2_ws/build/my_robot_package/prefix_override:/usr/lib/python3/dist-packages/colcon_core/task/python/colcon_distutils_commands:/home/vikmo/roover_ws/PrjRoover/ros2_ws/install/my_robot_package/lib/python3.12/site-packages:${PYTHONPATH} /usr/bin/python3 -W ignore:setup.py install is deprecated -W ignore:easy_install command is deprecated setup.py develop --editable --build-directory /home/vikmo/roover_ws/PrjRoover/ros2_ws/build/my_robot_package/build --no-deps symlink_data --force
[1.010s] running develop
[1.186s] running egg_info
[1.204s] writing my_robot_package.egg-info/PKG-INFO
[1.205s] writing dependency_links to my_robot_package.egg-info/dependency_links.txt
[1.205s] writing entry points to my_robot_package.egg-info/entry_points.txt
[1.205s] writing requirements to my_robot_package.egg-info/requires.txt
[1.205s] writing top-level names to my_robot_package.egg-info/top_level.txt
[1.241s] reading manifest file 'my_robot_package.egg-info/SOURCES.txt'
[1.242s] writing manifest file 'my_robot_package.egg-info/SOURCES.txt'
[1.260s] running build_ext
[1.260s] Creating /home/vikmo/roover_ws/PrjRoover/ros2_ws/install/my_robot_package/lib/python3.12/site-packages/my-robot-package.egg-link (link to .)
[1.260s] Installing cmd_vel_to_motors script to /home/vikmo/roover_ws/PrjRoover/ros2_ws/install/my_robot_package/lib/my_robot_package
[1.261s] Installing joy_to_cmd_vel script to /home/vikmo/roover_ws/PrjRoover/ros2_ws/install/my_robot_package/lib/my_robot_package
[1.261s] 
[1.261s] Installed /home/vikmo/roover_ws/PrjRoover/ros2_ws/build/my_robot_package
[1.264s] running symlink_data
[1.264s] symbolically linking /home/vikmo/roover_ws/PrjRoover/ros2_ws/build/my_robot_package/resource/my_robot_package -> /home/vikmo/roover_ws/PrjRoover/ros2_ws/install/my_robot_package/share/ament_index/resource_index/packages
[1.264s] symbolically linking /home/vikmo/roover_ws/PrjRoover/ros2_ws/build/my_robot_package/package.xml -> /home/vikmo/roover_ws/PrjRoover/ros2_ws/install/my_robot_package/share/my_robot_package
[1.264s] symbolically linking /home/vikmo/roover_ws/PrjRoover/ros2_ws/build/my_robot_package/launch/roover_control.launch.py -> /home/vikmo/roover_ws/PrjRoover/ros2_ws/install/my_robot_package/share/my_robot_package/launch
[1.264s] symbolically linking /home/vikmo/roover_ws/PrjRoover/ros2_ws/build/my_robot_package/launch/roover_slam.launch.py -> /home/vikmo/roover_ws/PrjRoover/ros2_ws/install/my_robot_package/share/my_robot_package/launch
[1.293s] Invoked command in '/home/vikmo/roover_ws/PrjRoover/ros2_ws/build/my_robot_package' returned '0': DEBUGINFOD_URLS=https://debuginfod.ubuntu.com PYTHONPATH=/home/vikmo/roover_ws/PrjRoover/ros2_ws/build/my_robot_package/prefix_override:/usr/lib/python3/dist-packages/colcon_core/task/python/colcon_distutils_commands:/home/vikmo/roover_ws/PrjRoover/ros2_ws/install/my_robot_package/lib/python3.12/site-packages:${PYTHONPATH} /usr/bin/python3 -W ignore:setup.py install is deprecated -W ignore:easy_install command is deprecated setup.py develop --editable --build-directory /home/vikmo/roover_ws/PrjRoover/ros2_ws/build/my_robot_package/build --no-deps symlink_data --force
