[1.080s] Invoking command in '/home/vikmo/roover_ws/PrjRoover/my_robot_package': DEBUGINFOD_URLS=https://debuginfod.ubuntu.com PYTHONPATH=/home/vikmo/roover_ws/PrjRoover/build/my_robot_package/prefix_override:/usr/lib/python3/dist-packages/colcon_core/task/python/colcon_distutils_commands:/home/vikmo/roover_ws/PrjRoover/install/my_robot_package/lib/python3.12/site-packages:${PYTHONPATH} /usr/bin/python3 -W ignore:setup.py install is deprecated -W ignore:easy_install command is deprecated setup.py egg_info --egg-base ../build/my_robot_package build --build-base /home/vikmo/roover_ws/PrjRoover/build/my_robot_package/build install --record /home/vikmo/roover_ws/PrjRoover/build/my_robot_package/install.log --single-version-externally-managed install_data
[1.329s] running egg_info
[1.334s] creating ../build/my_robot_package/my_robot_package.egg-info
[1.348s] writing ../build/my_robot_package/my_robot_package.egg-info/PKG-INFO
[1.348s] writing dependency_links to ../build/my_robot_package/my_robot_package.egg-info/dependency_links.txt
[1.348s] writing entry points to ../build/my_robot_package/my_robot_package.egg-info/entry_points.txt
[1.348s] writing requirements to ../build/my_robot_package/my_robot_package.egg-info/requires.txt
[1.348s] writing top-level names to ../build/my_robot_package/my_robot_package.egg-info/top_level.txt
[1.349s] writing manifest file '../build/my_robot_package/my_robot_package.egg-info/SOURCES.txt'
[1.388s] reading manifest file '../build/my_robot_package/my_robot_package.egg-info/SOURCES.txt'
[1.389s] writing manifest file '../build/my_robot_package/my_robot_package.egg-info/SOURCES.txt'
[1.389s] running build
[1.389s] running build_py
[1.389s] creating /home/vikmo/roover_ws/PrjRoover/build/my_robot_package/build
[1.389s] creating /home/vikmo/roover_ws/PrjRoover/build/my_robot_package/build/lib
[1.389s] creating /home/vikmo/roover_ws/PrjRoover/build/my_robot_package/build/lib/my_robot_package
[1.389s] copying my_robot_package/joy_to_cmd_vel.py -> /home/vikmo/roover_ws/PrjRoover/build/my_robot_package/build/lib/my_robot_package
[1.390s] copying my_robot_package/__init__.py -> /home/vikmo/roover_ws/PrjRoover/build/my_robot_package/build/lib/my_robot_package
[1.390s] running install
[1.396s] running install_lib
[1.415s] creating /home/vikmo/roover_ws/PrjRoover/install/my_robot_package/lib/python3.12/site-packages/my_robot_package
[1.415s] copying /home/vikmo/roover_ws/PrjRoover/build/my_robot_package/build/lib/my_robot_package/joy_to_cmd_vel.py -> /home/vikmo/roover_ws/PrjRoover/install/my_robot_package/lib/python3.12/site-packages/my_robot_package
[1.415s] copying /home/vikmo/roover_ws/PrjRoover/build/my_robot_package/build/lib/my_robot_package/__init__.py -> /home/vikmo/roover_ws/PrjRoover/install/my_robot_package/lib/python3.12/site-packages/my_robot_package
[1.418s] byte-compiling /home/vikmo/roover_ws/PrjRoover/install/my_robot_package/lib/python3.12/site-packages/my_robot_package/joy_to_cmd_vel.py to joy_to_cmd_vel.cpython-312.pyc
[1.420s] byte-compiling /home/vikmo/roover_ws/PrjRoover/install/my_robot_package/lib/python3.12/site-packages/my_robot_package/__init__.py to __init__.cpython-312.pyc
[1.420s] running install_data
[1.420s] creating /home/vikmo/roover_ws/PrjRoover/install/my_robot_package/share/ament_index
[1.420s] creating /home/vikmo/roover_ws/PrjRoover/install/my_robot_package/share/ament_index/resource_index
[1.420s] creating /home/vikmo/roover_ws/PrjRoover/install/my_robot_package/share/ament_index/resource_index/packages
[1.420s] copying resource/my_robot_package -> /home/vikmo/roover_ws/PrjRoover/install/my_robot_package/share/ament_index/resource_index/packages
[1.420s] copying package.xml -> /home/vikmo/roover_ws/PrjRoover/install/my_robot_package/share/my_robot_package
[1.420s] running install_egg_info
[1.439s] Copying ../build/my_robot_package/my_robot_package.egg-info to /home/vikmo/roover_ws/PrjRoover/install/my_robot_package/lib/python3.12/site-packages/my_robot_package-0.0.0-py3.12.egg-info
[1.439s] running install_scripts
[1.565s] Installing joy_to_cmd_vel script to /home/vikmo/roover_ws/PrjRoover/install/my_robot_package/lib/my_robot_package
[1.565s] writing list of installed files to '/home/vikmo/roover_ws/PrjRoover/build/my_robot_package/install.log'
[1.592s] Invoked command in '/home/vikmo/roover_ws/PrjRoover/my_robot_package' returned '0': DEBUGINFOD_URLS=https://debuginfod.ubuntu.com PYTHONPATH=/home/vikmo/roover_ws/PrjRoover/build/my_robot_package/prefix_override:/usr/lib/python3/dist-packages/colcon_core/task/python/colcon_distutils_commands:/home/vikmo/roover_ws/PrjRoover/install/my_robot_package/lib/python3.12/site-packages:${PYTHONPATH} /usr/bin/python3 -W ignore:setup.py install is deprecated -W ignore:easy_install command is deprecated setup.py egg_info --egg-base ../build/my_robot_package build --build-base /home/vikmo/roover_ws/PrjRoover/build/my_robot_package/build install --record /home/vikmo/roover_ws/PrjRoover/build/my_robot_package/install.log --single-version-externally-managed install_data
