running develop
running egg_info
creating my_robot_package.egg-info
writing my_robot_package.egg-info/PKG-INFO
writing dependency_links to my_robot_package.egg-info/dependency_links.txt
writing entry points to my_robot_package.egg-info/entry_points.txt
writing requirements to my_robot_package.egg-info/requires.txt
writing top-level names to my_robot_package.egg-info/top_level.txt
writing manifest file 'my_robot_package.egg-info/SOURCES.txt'
reading manifest file 'my_robot_package.egg-info/SOURCES.txt'
writing manifest file 'my_robot_package.egg-info/SOURCES.txt'
running build_ext
Creating /home/Roover/PrjRoover/ros2_ws/install/my_robot_package/lib/python3.12/site-packages/my-robot-package.egg-link (link to .)
Installing joy_to_cmd_vel script to /home/Roover/PrjRoover/ros2_ws/install/my_robot_package/lib/my_robot_package

Installed /home/Roover/PrjRoover/ros2_ws/build/my_robot_package
running symlink_data
creating /home/Roover/PrjRoover/ros2_ws/install/my_robot_package/share/ament_index
creating /home/Roover/PrjRoover/ros2_ws/install/my_robot_package/share/ament_index/resource_index
creating /home/Roover/PrjRoover/ros2_ws/install/my_robot_package/share/ament_index/resource_index/packages
symbolically linking /home/Roover/PrjRoover/ros2_ws/build/my_robot_package/resource/my_robot_package -> /home/Roover/PrjRoover/ros2_ws/install/my_robot_package/share/ament_index/resource_index/packages
symbolically linking /home/Roover/PrjRoover/ros2_ws/build/my_robot_package/package.xml -> /home/Roover/PrjRoover/ros2_ws/install/my_robot_package/share/my_robot_package
