[2.882s] Invoking command in '/home/Roover/PrjRoover/ros2_ws/build/my_robot_package': PYTHONPATH=/home/Roover/PrjRoover/ros2_ws/build/my_robot_package/prefix_override:/usr/lib/python3/dist-packages/colcon_core/task/python/colcon_distutils_commands:/home/Roover/PrjRoover/ros2_ws/install/my_robot_package/lib/python3.12/site-packages:${PYTHONPATH} /usr/bin/python3 -W ignore:setup.py install is deprecated -W ignore:easy_install command is deprecated setup.py develop --editable --build-directory /home/Roover/PrjRoover/ros2_ws/build/my_robot_package/build --no-deps symlink_data
[4.036s] running develop
[4.716s] running egg_info
[4.716s] creating my_robot_package.egg-info
[4.778s] writing my_robot_package.egg-info/PKG-INFO
[4.779s] writing dependency_links to my_robot_package.egg-info/dependency_links.txt
[4.779s] writing entry points to my_robot_package.egg-info/entry_points.txt
[4.780s] writing requirements to my_robot_package.egg-info/requires.txt
[4.780s] writing top-level names to my_robot_package.egg-info/top_level.txt
[4.781s] writing manifest file 'my_robot_package.egg-info/SOURCES.txt'
[4.905s] reading manifest file 'my_robot_package.egg-info/SOURCES.txt'
[4.908s] writing manifest file 'my_robot_package.egg-info/SOURCES.txt'
[4.973s] running build_ext
[5.274s] Creating /home/Roover/PrjRoover/ros2_ws/install/my_robot_package/lib/python3.12/site-packages/my-robot-package.egg-link (link to .)
[5.280s] Installing joy_to_cmd_vel script to /home/Roover/PrjRoover/ros2_ws/install/my_robot_package/lib/my_robot_package
[5.282s] 
[5.283s] Installed /home/Roover/PrjRoover/ros2_ws/build/my_robot_package
[5.283s] running symlink_data
[5.284s] creating /home/Roover/PrjRoover/ros2_ws/install/my_robot_package/share/ament_index
[5.285s] creating /home/Roover/PrjRoover/ros2_ws/install/my_robot_package/share/ament_index/resource_index
[5.285s] creating /home/Roover/PrjRoover/ros2_ws/install/my_robot_package/share/ament_index/resource_index/packages
[5.286s] symbolically linking /home/Roover/PrjRoover/ros2_ws/build/my_robot_package/resource/my_robot_package -> /home/Roover/PrjRoover/ros2_ws/install/my_robot_package/share/ament_index/resource_index/packages
[5.287s] symbolically linking /home/Roover/PrjRoover/ros2_ws/build/my_robot_package/package.xml -> /home/Roover/PrjRoover/ros2_ws/install/my_robot_package/share/my_robot_package
[5.437s] Invoked command in '/home/Roover/PrjRoover/ros2_ws/build/my_robot_package' returned '0': PYTHONPATH=/home/Roover/PrjRoover/ros2_ws/build/my_robot_package/prefix_override:/usr/lib/python3/dist-packages/colcon_core/task/python/colcon_distutils_commands:/home/Roover/PrjRoover/ros2_ws/install/my_robot_package/lib/python3.12/site-packages:${PYTHONPATH} /usr/bin/python3 -W ignore:setup.py install is deprecated -W ignore:easy_install command is deprecated setup.py develop --editable --build-directory /home/Roover/PrjRoover/ros2_ws/build/my_robot_package/build --no-deps symlink_data
