[0.114s] DEBUG:colcon:Command line arguments: ['/usr/bin/colcon', 'build']
[0.114s] DEBUG:colcon:Parsed command line arguments: Namespace(log_base=None, log_level=None, verb_name='build', build_base='build', install_base='install', merge_install=False, symlink_install=False, test_result_base=None, continue_on_error=False, executor='parallel', parallel_workers=6, event_handlers=None, ignore_user_meta=False, metas=['./colcon.meta'], base_paths=['.'], packages_ignore=None, packages_ignore_regex=None, paths=None, packages_up_to=None, packages_up_to_regex=None, packages_above=None, packages_above_and_dependencies=None, packages_above_depth=None, packages_select_by_dep=None, packages_skip_by_dep=None, packages_skip_up_to=None, packages_select_build_failed=False, packages_skip_build_finished=False, packages_select_test_failures=False, packages_skip_test_passed=False, packages_select=None, packages_skip=None, packages_select_regex=None, packages_skip_regex=None, packages_start=None, packages_end=None, allow_overriding=[], cmake_args=None, cmake_target=None, cmake_target_skip_unavailable=False, cmake_clean_cache=False, cmake_clean_first=False, cmake_force_configure=False, ament_cmake_args=None, catkin_cmake_args=None, catkin_skip_building_tests=False, mixin_files=None, mixin=None, verb_parser=<colcon_mixin.mixin.mixin_argument.MixinArgumentDecorator object at 0x7344d21a5a60>, verb_extension=<colcon_core.verb.build.BuildVerb object at 0x7344d207f080>, main=<bound method BuildVerb.main of <colcon_core.verb.build.BuildVerb object at 0x7344d207f080>>, mixin_verb=('build',))
[0.152s] Level 1:colcon.colcon_core.package_discovery:discover_packages(colcon_meta) check parameters
[0.152s] Level 1:colcon.colcon_core.package_discovery:discover_packages(recursive) check parameters
[0.152s] Level 1:colcon.colcon_core.package_discovery:discover_packages(ignore) check parameters
[0.152s] Level 1:colcon.colcon_core.package_discovery:discover_packages(path) check parameters
[0.152s] Level 1:colcon.colcon_core.package_discovery:discover_packages(colcon_meta) discover
[0.152s] Level 1:colcon.colcon_core.package_discovery:discover_packages(recursive) discover
[0.152s] INFO:colcon.colcon_core.package_discovery:Crawling recursively for packages in '/home/vikmo/roover_ws/PrjRoover'
[0.153s] Level 1:colcon.colcon_core.package_identification:_identify(.) by extensions ['ignore', 'ignore_ament_install']
[0.153s] Level 1:colcon.colcon_core.package_identification:_identify(.) by extension 'ignore'
[0.153s] Level 1:colcon.colcon_core.package_identification:_identify(.) by extension 'ignore_ament_install'
[0.153s] Level 1:colcon.colcon_core.package_identification:_identify(.) by extensions ['colcon_pkg']
[0.153s] Level 1:colcon.colcon_core.package_identification:_identify(.) by extension 'colcon_pkg'
[0.153s] Level 1:colcon.colcon_core.package_identification:_identify(.) by extensions ['colcon_meta']
[0.153s] Level 1:colcon.colcon_core.package_identification:_identify(.) by extension 'colcon_meta'
[0.153s] Level 1:colcon.colcon_core.package_identification:_identify(.) by extensions ['ros']
[0.153s] Level 1:colcon.colcon_core.package_identification:_identify(.) by extension 'ros'
[0.183s] Level 1:colcon.colcon_core.package_identification:_identify(.) by extensions ['cmake', 'python']
[0.183s] Level 1:colcon.colcon_core.package_identification:_identify(.) by extension 'cmake'
[0.183s] Level 1:colcon.colcon_core.package_identification:_identify(.) by extension 'python'
[0.183s] Level 1:colcon.colcon_core.package_identification:_identify(.) by extensions ['python_setup_py']
[0.183s] Level 1:colcon.colcon_core.package_identification:_identify(.) by extension 'python_setup_py'
[0.183s] Level 1:colcon.colcon_core.package_identification:_identify(RasberryPi-Commande) by extensions ['ignore', 'ignore_ament_install']
[0.183s] Level 1:colcon.colcon_core.package_identification:_identify(RasberryPi-Commande) by extension 'ignore'
[0.184s] Level 1:colcon.colcon_core.package_identification:_identify(RasberryPi-Commande) by extension 'ignore_ament_install'
[0.184s] Level 1:colcon.colcon_core.package_identification:_identify(RasberryPi-Commande) by extensions ['colcon_pkg']
[0.184s] Level 1:colcon.colcon_core.package_identification:_identify(RasberryPi-Commande) by extension 'colcon_pkg'
[0.184s] Level 1:colcon.colcon_core.package_identification:_identify(RasberryPi-Commande) by extensions ['colcon_meta']
[0.184s] Level 1:colcon.colcon_core.package_identification:_identify(RasberryPi-Commande) by extension 'colcon_meta'
[0.184s] Level 1:colcon.colcon_core.package_identification:_identify(RasberryPi-Commande) by extensions ['ros']
[0.184s] Level 1:colcon.colcon_core.package_identification:_identify(RasberryPi-Commande) by extension 'ros'
[0.184s] Level 1:colcon.colcon_core.package_identification:_identify(RasberryPi-Commande) by extensions ['cmake', 'python']
[0.184s] Level 1:colcon.colcon_core.package_identification:_identify(RasberryPi-Commande) by extension 'cmake'
[0.184s] Level 1:colcon.colcon_core.package_identification:_identify(RasberryPi-Commande) by extension 'python'
[0.184s] Level 1:colcon.colcon_core.package_identification:_identify(RasberryPi-Commande) by extensions ['python_setup_py']
[0.184s] Level 1:colcon.colcon_core.package_identification:_identify(RasberryPi-Commande) by extension 'python_setup_py'
[0.184s] Level 1:colcon.colcon_core.package_identification:_identify(build) by extensions ['ignore', 'ignore_ament_install']
[0.184s] Level 1:colcon.colcon_core.package_identification:_identify(build) by extension 'ignore'
[0.184s] Level 1:colcon.colcon_core.package_identification:_identify(build) ignored
[0.184s] Level 1:colcon.colcon_core.package_identification:_identify(install) by extensions ['ignore', 'ignore_ament_install']
[0.184s] Level 1:colcon.colcon_core.package_identification:_identify(install) by extension 'ignore'
[0.184s] Level 1:colcon.colcon_core.package_identification:_identify(install) ignored
[0.184s] Level 1:colcon.colcon_core.package_identification:_identify(log) by extensions ['ignore', 'ignore_ament_install']
[0.184s] Level 1:colcon.colcon_core.package_identification:_identify(log) by extension 'ignore'
[0.184s] Level 1:colcon.colcon_core.package_identification:_identify(log) ignored
[0.184s] Level 1:colcon.colcon_core.package_identification:_identify(my_robot_package) by extensions ['ignore', 'ignore_ament_install']
[0.184s] Level 1:colcon.colcon_core.package_identification:_identify(my_robot_package) by extension 'ignore'
[0.184s] Level 1:colcon.colcon_core.package_identification:_identify(my_robot_package) by extension 'ignore_ament_install'
[0.185s] Level 1:colcon.colcon_core.package_identification:_identify(my_robot_package) by extensions ['colcon_pkg']
[0.185s] Level 1:colcon.colcon_core.package_identification:_identify(my_robot_package) by extension 'colcon_pkg'
[0.185s] Level 1:colcon.colcon_core.package_identification:_identify(my_robot_package) by extensions ['colcon_meta']
[0.185s] Level 1:colcon.colcon_core.package_identification:_identify(my_robot_package) by extension 'colcon_meta'
[0.185s] Level 1:colcon.colcon_core.package_identification:_identify(my_robot_package) by extensions ['ros']
[0.185s] Level 1:colcon.colcon_core.package_identification:_identify(my_robot_package) by extension 'ros'
[0.189s] DEBUG:colcon.colcon_core.package_identification:Package 'my_robot_package' with type 'ros.ament_python' and name 'my_robot_package'
[0.189s] Level 1:colcon.colcon_core.package_identification:_identify(ros2_lidar_ws) by extensions ['ignore', 'ignore_ament_install']
[0.189s] Level 1:colcon.colcon_core.package_identification:_identify(ros2_lidar_ws) by extension 'ignore'
[0.189s] Level 1:colcon.colcon_core.package_identification:_identify(ros2_lidar_ws) by extension 'ignore_ament_install'
[0.189s] Level 1:colcon.colcon_core.package_identification:_identify(ros2_lidar_ws) by extensions ['colcon_pkg']
[0.189s] Level 1:colcon.colcon_core.package_identification:_identify(ros2_lidar_ws) by extension 'colcon_pkg'
[0.189s] Level 1:colcon.colcon_core.package_identification:_identify(ros2_lidar_ws) by extensions ['colcon_meta']
[0.189s] Level 1:colcon.colcon_core.package_identification:_identify(ros2_lidar_ws) by extension 'colcon_meta'
[0.189s] Level 1:colcon.colcon_core.package_identification:_identify(ros2_lidar_ws) by extensions ['ros']
[0.189s] Level 1:colcon.colcon_core.package_identification:_identify(ros2_lidar_ws) by extension 'ros'
[0.189s] Level 1:colcon.colcon_core.package_identification:_identify(ros2_lidar_ws) by extensions ['cmake', 'python']
[0.189s] Level 1:colcon.colcon_core.package_identification:_identify(ros2_lidar_ws) by extension 'cmake'
[0.189s] Level 1:colcon.colcon_core.package_identification:_identify(ros2_lidar_ws) by extension 'python'
[0.189s] Level 1:colcon.colcon_core.package_identification:_identify(ros2_lidar_ws) by extensions ['python_setup_py']
[0.189s] Level 1:colcon.colcon_core.package_identification:_identify(ros2_lidar_ws) by extension 'python_setup_py'
[0.190s] Level 1:colcon.colcon_core.package_identification:_identify(ros2_lidar_ws/src) by extensions ['ignore', 'ignore_ament_install']
[0.190s] Level 1:colcon.colcon_core.package_identification:_identify(ros2_lidar_ws/src) by extension 'ignore'
[0.190s] Level 1:colcon.colcon_core.package_identification:_identify(ros2_lidar_ws/src) by extension 'ignore_ament_install'
[0.190s] Level 1:colcon.colcon_core.package_identification:_identify(ros2_lidar_ws/src) by extensions ['colcon_pkg']
[0.190s] Level 1:colcon.colcon_core.package_identification:_identify(ros2_lidar_ws/src) by extension 'colcon_pkg'
[0.190s] Level 1:colcon.colcon_core.package_identification:_identify(ros2_lidar_ws/src) by extensions ['colcon_meta']
[0.190s] Level 1:colcon.colcon_core.package_identification:_identify(ros2_lidar_ws/src) by extension 'colcon_meta'
[0.190s] Level 1:colcon.colcon_core.package_identification:_identify(ros2_lidar_ws/src) by extensions ['ros']
[0.190s] Level 1:colcon.colcon_core.package_identification:_identify(ros2_lidar_ws/src) by extension 'ros'
[0.190s] Level 1:colcon.colcon_core.package_identification:_identify(ros2_lidar_ws/src) by extensions ['cmake', 'python']
[0.190s] Level 1:colcon.colcon_core.package_identification:_identify(ros2_lidar_ws/src) by extension 'cmake'
[0.190s] Level 1:colcon.colcon_core.package_identification:_identify(ros2_lidar_ws/src) by extension 'python'
[0.190s] Level 1:colcon.colcon_core.package_identification:_identify(ros2_lidar_ws/src) by extensions ['python_setup_py']
[0.190s] Level 1:colcon.colcon_core.package_identification:_identify(ros2_lidar_ws/src) by extension 'python_setup_py'
[0.190s] Level 1:colcon.colcon_core.package_identification:_identify(ros2_lidar_ws/src/rplidar_ros-ros2) by extensions ['ignore', 'ignore_ament_install']
[0.190s] Level 1:colcon.colcon_core.package_identification:_identify(ros2_lidar_ws/src/rplidar_ros-ros2) by extension 'ignore'
[0.190s] Level 1:colcon.colcon_core.package_identification:_identify(ros2_lidar_ws/src/rplidar_ros-ros2) by extension 'ignore_ament_install'
[0.190s] Level 1:colcon.colcon_core.package_identification:_identify(ros2_lidar_ws/src/rplidar_ros-ros2) by extensions ['colcon_pkg']
[0.190s] Level 1:colcon.colcon_core.package_identification:_identify(ros2_lidar_ws/src/rplidar_ros-ros2) by extension 'colcon_pkg'
[0.190s] Level 1:colcon.colcon_core.package_identification:_identify(ros2_lidar_ws/src/rplidar_ros-ros2) by extensions ['colcon_meta']
[0.190s] Level 1:colcon.colcon_core.package_identification:_identify(ros2_lidar_ws/src/rplidar_ros-ros2) by extension 'colcon_meta'
[0.190s] Level 1:colcon.colcon_core.package_identification:_identify(ros2_lidar_ws/src/rplidar_ros-ros2) by extensions ['ros']
[0.190s] Level 1:colcon.colcon_core.package_identification:_identify(ros2_lidar_ws/src/rplidar_ros-ros2) by extension 'ros'
[0.191s] DEBUG:colcon.colcon_core.package_identification:Package 'ros2_lidar_ws/src/rplidar_ros-ros2' with type 'ros.ament_cmake' and name 'rplidar_ros'
[0.191s] Level 1:colcon.colcon_core.package_discovery:discover_packages(recursive) using defaults
[0.191s] Level 1:colcon.colcon_core.package_discovery:discover_packages(ignore) discover
[0.191s] Level 1:colcon.colcon_core.package_discovery:discover_packages(ignore) using defaults
[0.191s] Level 1:colcon.colcon_core.package_discovery:discover_packages(path) discover
[0.191s] Level 1:colcon.colcon_core.package_discovery:discover_packages(path) using defaults
[0.208s] Level 1:colcon.colcon_core.package_discovery:discover_packages(prefix_path) check parameters
[0.208s] Level 1:colcon.colcon_core.package_discovery:discover_packages(prefix_path) discover
[0.213s] DEBUG:colcon.colcon_installed_package_information.package_discovery:Found 1 installed packages in /home/vikmo/ros2_lidar_ws/install
[0.213s] DEBUG:colcon.colcon_installed_package_information.package_discovery:Found 1 installed packages in /home/vikmo/ros2_ws/install
[0.215s] DEBUG:colcon.colcon_installed_package_information.package_discovery:Found 381 installed packages in /opt/ros/jazzy
[0.216s] Level 1:colcon.colcon_core.package_discovery:discover_packages(prefix_path) using defaults
[0.261s] Level 5:colcon.colcon_core.verb:set package 'my_robot_package' build argument 'cmake_args' from command line to 'None'
[0.261s] Level 5:colcon.colcon_core.verb:set package 'my_robot_package' build argument 'cmake_target' from command line to 'None'
[0.261s] Level 5:colcon.colcon_core.verb:set package 'my_robot_package' build argument 'cmake_target_skip_unavailable' from command line to 'False'
[0.261s] Level 5:colcon.colcon_core.verb:set package 'my_robot_package' build argument 'cmake_clean_cache' from command line to 'False'
[0.261s] Level 5:colcon.colcon_core.verb:set package 'my_robot_package' build argument 'cmake_clean_first' from command line to 'False'
[0.261s] Level 5:colcon.colcon_core.verb:set package 'my_robot_package' build argument 'cmake_force_configure' from command line to 'False'
[0.261s] Level 5:colcon.colcon_core.verb:set package 'my_robot_package' build argument 'ament_cmake_args' from command line to 'None'
[0.262s] Level 5:colcon.colcon_core.verb:set package 'my_robot_package' build argument 'catkin_cmake_args' from command line to 'None'
[0.262s] Level 5:colcon.colcon_core.verb:set package 'my_robot_package' build argument 'catkin_skip_building_tests' from command line to 'False'
[0.262s] DEBUG:colcon.colcon_core.verb:Building package 'my_robot_package' with the following arguments: {'ament_cmake_args': None, 'build_base': '/home/vikmo/roover_ws/PrjRoover/build/my_robot_package', 'catkin_cmake_args': None, 'catkin_skip_building_tests': False, 'cmake_args': None, 'cmake_clean_cache': False, 'cmake_clean_first': False, 'cmake_force_configure': False, 'cmake_target': None, 'cmake_target_skip_unavailable': False, 'install_base': '/home/vikmo/roover_ws/PrjRoover/install/my_robot_package', 'merge_install': False, 'path': '/home/vikmo/roover_ws/PrjRoover/my_robot_package', 'symlink_install': False, 'test_result_base': None}
[0.262s] Level 5:colcon.colcon_core.verb:set package 'rplidar_ros' build argument 'cmake_args' from command line to 'None'
[0.262s] Level 5:colcon.colcon_core.verb:set package 'rplidar_ros' build argument 'cmake_target' from command line to 'None'
[0.262s] Level 5:colcon.colcon_core.verb:set package 'rplidar_ros' build argument 'cmake_target_skip_unavailable' from command line to 'False'
[0.262s] Level 5:colcon.colcon_core.verb:set package 'rplidar_ros' build argument 'cmake_clean_cache' from command line to 'False'
[0.262s] Level 5:colcon.colcon_core.verb:set package 'rplidar_ros' build argument 'cmake_clean_first' from command line to 'False'
[0.262s] Level 5:colcon.colcon_core.verb:set package 'rplidar_ros' build argument 'cmake_force_configure' from command line to 'False'
[0.262s] Level 5:colcon.colcon_core.verb:set package 'rplidar_ros' build argument 'ament_cmake_args' from command line to 'None'
[0.262s] Level 5:colcon.colcon_core.verb:set package 'rplidar_ros' build argument 'catkin_cmake_args' from command line to 'None'
[0.262s] Level 5:colcon.colcon_core.verb:set package 'rplidar_ros' build argument 'catkin_skip_building_tests' from command line to 'False'
[0.262s] DEBUG:colcon.colcon_core.verb:Building package 'rplidar_ros' with the following arguments: {'ament_cmake_args': None, 'build_base': '/home/vikmo/roover_ws/PrjRoover/build/rplidar_ros', 'catkin_cmake_args': None, 'catkin_skip_building_tests': False, 'cmake_args': None, 'cmake_clean_cache': False, 'cmake_clean_first': False, 'cmake_force_configure': False, 'cmake_target': None, 'cmake_target_skip_unavailable': False, 'install_base': '/home/vikmo/roover_ws/PrjRoover/install/rplidar_ros', 'merge_install': False, 'path': '/home/vikmo/roover_ws/PrjRoover/ros2_lidar_ws/src/rplidar_ros-ros2', 'symlink_install': False, 'test_result_base': None}
[0.262s] INFO:colcon.colcon_core.executor:Executing jobs using 'parallel' executor
[0.263s] DEBUG:colcon.colcon_parallel_executor.executor.parallel:run_until_complete
[0.263s] INFO:colcon.colcon_ros.task.ament_python.build:Building ROS package in '/home/vikmo/roover_ws/PrjRoover/my_robot_package' with build type 'ament_python'
[0.264s] Level 1:colcon.colcon_core.shell:create_environment_hook('my_robot_package', 'ament_prefix_path')
[0.270s] INFO:colcon.colcon_core.plugin_system:Skipping extension 'colcon_core.shell.bat': Not used on non-Windows systems
[0.271s] INFO:colcon.colcon_core.shell:Creating environment hook '/home/vikmo/roover_ws/PrjRoover/install/my_robot_package/share/my_robot_package/hook/ament_prefix_path.ps1'
[0.272s] INFO:colcon.colcon_core.shell:Creating environment descriptor '/home/vikmo/roover_ws/PrjRoover/install/my_robot_package/share/my_robot_package/hook/ament_prefix_path.dsv'
[0.273s] INFO:colcon.colcon_core.shell:Creating environment hook '/home/vikmo/roover_ws/PrjRoover/install/my_robot_package/share/my_robot_package/hook/ament_prefix_path.sh'
[0.275s] INFO:colcon.colcon_core.shell:Skip shell extension 'powershell' for command environment: Not usable outside of PowerShell
[0.275s] DEBUG:colcon.colcon_core.shell:Skip shell extension 'dsv' for command environment
[0.279s] INFO:colcon.colcon_ros.task.ament_cmake.build:Building ROS package in '/home/vikmo/roover_ws/PrjRoover/ros2_lidar_ws/src/rplidar_ros-ros2' with build type 'ament_cmake'
[0.279s] INFO:colcon.colcon_cmake.task.cmake.build:Building CMake package in '/home/vikmo/roover_ws/PrjRoover/ros2_lidar_ws/src/rplidar_ros-ros2'
[0.279s] INFO:colcon.colcon_core.shell:Skip shell extension 'powershell' for command environment: Not usable outside of PowerShell
[0.279s] DEBUG:colcon.colcon_core.shell:Skip shell extension 'dsv' for command environment
[0.499s] INFO:colcon.colcon_core.task.python.build:Building Python package in '/home/vikmo/roover_ws/PrjRoover/my_robot_package'
[0.499s] INFO:colcon.colcon_core.shell:Skip shell extension 'powershell' for command environment: Not usable outside of PowerShell
[0.499s] DEBUG:colcon.colcon_core.shell:Skip shell extension 'dsv' for command environment
[0.506s] DEBUG:colcon.colcon_core.event_handler.log_command:Invoking command in '/home/vikmo/roover_ws/PrjRoover/build/rplidar_ros': CMAKE_PREFIX_PATH=${CMAKE_PREFIX_PATH}:/home/vikmo/ros2_ws/install/my_robot_controller:/opt/ros/jazzy DEBUGINFOD_URLS=https://debuginfod.ubuntu.com /usr/bin/cmake /home/vikmo/roover_ws/PrjRoover/ros2_lidar_ws/src/rplidar_ros-ros2 -DCMAKE_INSTALL_PREFIX=/home/vikmo/roover_ws/PrjRoover/install/rplidar_ros
[1.345s] DEBUG:colcon.colcon_core.event_handler.log_command:Invoking command in '/home/vikmo/roover_ws/PrjRoover/my_robot_package': DEBUGINFOD_URLS=https://debuginfod.ubuntu.com PYTHONPATH=/home/vikmo/roover_ws/PrjRoover/build/my_robot_package/prefix_override:/usr/lib/python3/dist-packages/colcon_core/task/python/colcon_distutils_commands:/home/vikmo/roover_ws/PrjRoover/install/my_robot_package/lib/python3.12/site-packages:${PYTHONPATH} /usr/bin/python3 -W ignore:setup.py install is deprecated -W ignore:easy_install command is deprecated setup.py egg_info --egg-base ../build/my_robot_package build --build-base /home/vikmo/roover_ws/PrjRoover/build/my_robot_package/build install --record /home/vikmo/roover_ws/PrjRoover/build/my_robot_package/install.log --single-version-externally-managed install_data
[1.856s] DEBUG:colcon.colcon_core.event_handler.log_command:Invoked command in '/home/vikmo/roover_ws/PrjRoover/my_robot_package' returned '0': DEBUGINFOD_URLS=https://debuginfod.ubuntu.com PYTHONPATH=/home/vikmo/roover_ws/PrjRoover/build/my_robot_package/prefix_override:/usr/lib/python3/dist-packages/colcon_core/task/python/colcon_distutils_commands:/home/vikmo/roover_ws/PrjRoover/install/my_robot_package/lib/python3.12/site-packages:${PYTHONPATH} /usr/bin/python3 -W ignore:setup.py install is deprecated -W ignore:easy_install command is deprecated setup.py egg_info --egg-base ../build/my_robot_package build --build-base /home/vikmo/roover_ws/PrjRoover/build/my_robot_package/build install --record /home/vikmo/roover_ws/PrjRoover/build/my_robot_package/install.log --single-version-externally-managed install_data
[1.862s] Level 1:colcon.colcon_core.environment:checking '/home/vikmo/roover_ws/PrjRoover/install/my_robot_package' for CMake module files
[1.863s] Level 1:colcon.colcon_core.environment:checking '/home/vikmo/roover_ws/PrjRoover/install/my_robot_package' for CMake config files
[1.863s] Level 1:colcon.colcon_core.environment:checking '/home/vikmo/roover_ws/PrjRoover/install/my_robot_package/lib'
[1.863s] Level 1:colcon.colcon_core.environment:checking '/home/vikmo/roover_ws/PrjRoover/install/my_robot_package/bin'
[1.863s] Level 1:colcon.colcon_core.environment:checking '/home/vikmo/roover_ws/PrjRoover/install/my_robot_package/lib/pkgconfig/my_robot_package.pc'
[1.864s] Level 1:colcon.colcon_core.environment:checking '/home/vikmo/roover_ws/PrjRoover/install/my_robot_package/lib/python3.12/site-packages'
[1.864s] Level 1:colcon.colcon_core.shell:create_environment_hook('my_robot_package', 'pythonpath')
[1.864s] INFO:colcon.colcon_core.shell:Creating environment hook '/home/vikmo/roover_ws/PrjRoover/install/my_robot_package/share/my_robot_package/hook/pythonpath.ps1'
[1.864s] INFO:colcon.colcon_core.shell:Creating environment descriptor '/home/vikmo/roover_ws/PrjRoover/install/my_robot_package/share/my_robot_package/hook/pythonpath.dsv'
[1.864s] INFO:colcon.colcon_core.shell:Creating environment hook '/home/vikmo/roover_ws/PrjRoover/install/my_robot_package/share/my_robot_package/hook/pythonpath.sh'
[1.865s] Level 1:colcon.colcon_core.environment:checking '/home/vikmo/roover_ws/PrjRoover/install/my_robot_package/bin'
[1.865s] Level 1:colcon.colcon_core.environment:create_environment_scripts_only(my_robot_package)
[1.865s] INFO:colcon.colcon_core.shell:Creating package script '/home/vikmo/roover_ws/PrjRoover/install/my_robot_package/share/my_robot_package/package.ps1'
[1.866s] INFO:colcon.colcon_core.shell:Creating package descriptor '/home/vikmo/roover_ws/PrjRoover/install/my_robot_package/share/my_robot_package/package.dsv'
[1.868s] INFO:colcon.colcon_core.shell:Creating package script '/home/vikmo/roover_ws/PrjRoover/install/my_robot_package/share/my_robot_package/package.sh'
[1.869s] INFO:colcon.colcon_core.shell:Creating package script '/home/vikmo/roover_ws/PrjRoover/install/my_robot_package/share/my_robot_package/package.bash'
[1.870s] INFO:colcon.colcon_core.shell:Creating package script '/home/vikmo/roover_ws/PrjRoover/install/my_robot_package/share/my_robot_package/package.zsh'
[1.870s] Level 1:colcon.colcon_core.environment:create_file_with_runtime_dependencies(/home/vikmo/roover_ws/PrjRoover/install/my_robot_package/share/colcon-core/packages/my_robot_package)
[2.225s] DEBUG:colcon.colcon_core.event_handler.log_command:Invoked command in '/home/vikmo/roover_ws/PrjRoover/build/rplidar_ros' returned '0': CMAKE_PREFIX_PATH=${CMAKE_PREFIX_PATH}:/home/vikmo/ros2_ws/install/my_robot_controller:/opt/ros/jazzy DEBUGINFOD_URLS=https://debuginfod.ubuntu.com /usr/bin/cmake /home/vikmo/roover_ws/PrjRoover/ros2_lidar_ws/src/rplidar_ros-ros2 -DCMAKE_INSTALL_PREFIX=/home/vikmo/roover_ws/PrjRoover/install/rplidar_ros
[2.225s] DEBUG:colcon.colcon_core.event_handler.log_command:Invoking command in '/home/vikmo/roover_ws/PrjRoover/build/rplidar_ros': CMAKE_PREFIX_PATH=${CMAKE_PREFIX_PATH}:/home/vikmo/ros2_ws/install/my_robot_controller:/opt/ros/jazzy DEBUGINFOD_URLS=https://debuginfod.ubuntu.com /usr/bin/cmake --build /home/vikmo/roover_ws/PrjRoover/build/rplidar_ros -- -j6 -l6
[14.313s] DEBUG:colcon.colcon_core.event_handler.log_command:Invoked command in '/home/vikmo/roover_ws/PrjRoover/build/rplidar_ros' returned '0': CMAKE_PREFIX_PATH=${CMAKE_PREFIX_PATH}:/home/vikmo/ros2_ws/install/my_robot_controller:/opt/ros/jazzy DEBUGINFOD_URLS=https://debuginfod.ubuntu.com /usr/bin/cmake --build /home/vikmo/roover_ws/PrjRoover/build/rplidar_ros -- -j6 -l6
[14.323s] DEBUG:colcon.colcon_core.event_handler.log_command:Invoking command in '/home/vikmo/roover_ws/PrjRoover/build/rplidar_ros': CMAKE_PREFIX_PATH=${CMAKE_PREFIX_PATH}:/home/vikmo/ros2_ws/install/my_robot_controller:/opt/ros/jazzy DEBUGINFOD_URLS=https://debuginfod.ubuntu.com /usr/bin/cmake --install /home/vikmo/roover_ws/PrjRoover/build/rplidar_ros
[14.364s] Level 1:colcon.colcon_core.environment:create_environment_scripts_only(rplidar_ros)
[14.364s] Level 1:colcon.colcon_core.environment:checking '/home/vikmo/roover_ws/PrjRoover/install/rplidar_ros' for CMake module files
[14.364s] DEBUG:colcon.colcon_core.event_handler.log_command:Invoked command in '/home/vikmo/roover_ws/PrjRoover/build/rplidar_ros' returned '0': CMAKE_PREFIX_PATH=${CMAKE_PREFIX_PATH}:/home/vikmo/ros2_ws/install/my_robot_controller:/opt/ros/jazzy DEBUGINFOD_URLS=https://debuginfod.ubuntu.com /usr/bin/cmake --install /home/vikmo/roover_ws/PrjRoover/build/rplidar_ros
[14.365s] Level 1:colcon.colcon_core.environment:checking '/home/vikmo/roover_ws/PrjRoover/install/rplidar_ros' for CMake config files
[14.365s] Level 1:colcon.colcon_core.shell:create_environment_hook('rplidar_ros', 'cmake_prefix_path')
[14.365s] INFO:colcon.colcon_core.shell:Creating environment hook '/home/vikmo/roover_ws/PrjRoover/install/rplidar_ros/share/rplidar_ros/hook/cmake_prefix_path.ps1'
[14.365s] INFO:colcon.colcon_core.shell:Creating environment descriptor '/home/vikmo/roover_ws/PrjRoover/install/rplidar_ros/share/rplidar_ros/hook/cmake_prefix_path.dsv'
[14.366s] INFO:colcon.colcon_core.shell:Creating environment hook '/home/vikmo/roover_ws/PrjRoover/install/rplidar_ros/share/rplidar_ros/hook/cmake_prefix_path.sh'
[14.366s] Level 1:colcon.colcon_core.environment:checking '/home/vikmo/roover_ws/PrjRoover/install/rplidar_ros/lib'
[14.366s] Level 1:colcon.colcon_core.environment:checking '/home/vikmo/roover_ws/PrjRoover/install/rplidar_ros/bin'
[14.366s] Level 1:colcon.colcon_core.environment:checking '/home/vikmo/roover_ws/PrjRoover/install/rplidar_ros/lib/pkgconfig/rplidar_ros.pc'
[14.366s] Level 1:colcon.colcon_core.environment:checking '/home/vikmo/roover_ws/PrjRoover/install/rplidar_ros/lib/python3.12/site-packages'
[14.367s] Level 1:colcon.colcon_core.environment:checking '/home/vikmo/roover_ws/PrjRoover/install/rplidar_ros/bin'
[14.367s] INFO:colcon.colcon_core.shell:Creating package script '/home/vikmo/roover_ws/PrjRoover/install/rplidar_ros/share/rplidar_ros/package.ps1'
[14.367s] INFO:colcon.colcon_core.shell:Creating package descriptor '/home/vikmo/roover_ws/PrjRoover/install/rplidar_ros/share/rplidar_ros/package.dsv'
[14.367s] INFO:colcon.colcon_core.shell:Creating package script '/home/vikmo/roover_ws/PrjRoover/install/rplidar_ros/share/rplidar_ros/package.sh'
[14.368s] INFO:colcon.colcon_core.shell:Creating package script '/home/vikmo/roover_ws/PrjRoover/install/rplidar_ros/share/rplidar_ros/package.bash'
[14.368s] INFO:colcon.colcon_core.shell:Creating package script '/home/vikmo/roover_ws/PrjRoover/install/rplidar_ros/share/rplidar_ros/package.zsh'
[14.369s] Level 1:colcon.colcon_core.environment:create_file_with_runtime_dependencies(/home/vikmo/roover_ws/PrjRoover/install/rplidar_ros/share/colcon-core/packages/rplidar_ros)
[14.370s] Level 1:colcon.colcon_core.environment:create_environment_scripts_only(rplidar_ros)
[14.370s] Level 1:colcon.colcon_core.environment:checking '/home/vikmo/roover_ws/PrjRoover/install/rplidar_ros' for CMake module files
[14.371s] Level 1:colcon.colcon_core.environment:checking '/home/vikmo/roover_ws/PrjRoover/install/rplidar_ros' for CMake config files
[14.371s] Level 1:colcon.colcon_core.shell:create_environment_hook('rplidar_ros', 'cmake_prefix_path')
[14.371s] INFO:colcon.colcon_core.shell:Creating environment hook '/home/vikmo/roover_ws/PrjRoover/install/rplidar_ros/share/rplidar_ros/hook/cmake_prefix_path.ps1'
[14.371s] INFO:colcon.colcon_core.shell:Creating environment descriptor '/home/vikmo/roover_ws/PrjRoover/install/rplidar_ros/share/rplidar_ros/hook/cmake_prefix_path.dsv'
[14.373s] INFO:colcon.colcon_core.shell:Creating environment hook '/home/vikmo/roover_ws/PrjRoover/install/rplidar_ros/share/rplidar_ros/hook/cmake_prefix_path.sh'
[14.374s] Level 1:colcon.colcon_core.environment:checking '/home/vikmo/roover_ws/PrjRoover/install/rplidar_ros/lib'
[14.374s] Level 1:colcon.colcon_core.environment:checking '/home/vikmo/roover_ws/PrjRoover/install/rplidar_ros/bin'
[14.374s] Level 1:colcon.colcon_core.environment:checking '/home/vikmo/roover_ws/PrjRoover/install/rplidar_ros/lib/pkgconfig/rplidar_ros.pc'
[14.374s] Level 1:colcon.colcon_core.environment:checking '/home/vikmo/roover_ws/PrjRoover/install/rplidar_ros/lib/python3.12/site-packages'
[14.374s] Level 1:colcon.colcon_core.environment:checking '/home/vikmo/roover_ws/PrjRoover/install/rplidar_ros/bin'
[14.374s] INFO:colcon.colcon_core.shell:Creating package script '/home/vikmo/roover_ws/PrjRoover/install/rplidar_ros/share/rplidar_ros/package.ps1'
[14.375s] INFO:colcon.colcon_core.shell:Creating package descriptor '/home/vikmo/roover_ws/PrjRoover/install/rplidar_ros/share/rplidar_ros/package.dsv'
[14.375s] INFO:colcon.colcon_core.shell:Creating package script '/home/vikmo/roover_ws/PrjRoover/install/rplidar_ros/share/rplidar_ros/package.sh'
[14.376s] INFO:colcon.colcon_core.shell:Creating package script '/home/vikmo/roover_ws/PrjRoover/install/rplidar_ros/share/rplidar_ros/package.bash'
[14.376s] INFO:colcon.colcon_core.shell:Creating package script '/home/vikmo/roover_ws/PrjRoover/install/rplidar_ros/share/rplidar_ros/package.zsh'
[14.376s] Level 1:colcon.colcon_core.environment:create_file_with_runtime_dependencies(/home/vikmo/roover_ws/PrjRoover/install/rplidar_ros/share/colcon-core/packages/rplidar_ros)
[14.377s] DEBUG:colcon.colcon_parallel_executor.executor.parallel:closing loop
[14.377s] DEBUG:colcon.colcon_parallel_executor.executor.parallel:loop closed
[14.377s] DEBUG:colcon.colcon_parallel_executor.executor.parallel:run_until_complete finished with '0'
[14.377s] DEBUG:colcon.colcon_core.event_reactor:joining thread
[14.423s] INFO:colcon.colcon_core.plugin_system:Skipping extension 'colcon_notification.desktop_notification.terminal_notifier': Not used on non-Darwin systems
[14.423s] INFO:colcon.colcon_core.plugin_system:Skipping extension 'colcon_notification.desktop_notification.win32': Not used on non-Windows systems
[14.424s] INFO:colcon.colcon_notification.desktop_notification:Sending desktop notification using 'notify2'
[14.450s] DEBUG:colcon.colcon_core.event_reactor:joined thread
[14.450s] INFO:colcon.colcon_core.shell:Creating prefix script '/home/vikmo/roover_ws/PrjRoover/install/local_setup.ps1'
[14.452s] INFO:colcon.colcon_core.shell:Creating prefix util module '/home/vikmo/roover_ws/PrjRoover/install/_local_setup_util_ps1.py'
[14.453s] INFO:colcon.colcon_core.shell:Creating prefix chain script '/home/vikmo/roover_ws/PrjRoover/install/setup.ps1'
[14.455s] INFO:colcon.colcon_core.shell:Creating prefix script '/home/vikmo/roover_ws/PrjRoover/install/local_setup.sh'
[14.456s] INFO:colcon.colcon_core.shell:Creating prefix util module '/home/vikmo/roover_ws/PrjRoover/install/_local_setup_util_sh.py'
[14.457s] INFO:colcon.colcon_core.shell:Creating prefix chain script '/home/vikmo/roover_ws/PrjRoover/install/setup.sh'
[14.458s] INFO:colcon.colcon_core.shell:Creating prefix script '/home/vikmo/roover_ws/PrjRoover/install/local_setup.bash'
[14.459s] INFO:colcon.colcon_core.shell:Creating prefix chain script '/home/vikmo/roover_ws/PrjRoover/install/setup.bash'
[14.462s] INFO:colcon.colcon_core.shell:Creating prefix script '/home/vikmo/roover_ws/PrjRoover/install/local_setup.zsh'
[14.464s] INFO:colcon.colcon_core.shell:Creating prefix chain script '/home/vikmo/roover_ws/PrjRoover/install/setup.zsh'
