running egg_info
writing ../../build/my_robot_package/my_robot_package.egg-info/PKG-INFO
writing dependency_links to ../../build/my_robot_package/my_robot_package.egg-info/dependency_links.txt
writing entry points to ../../build/my_robot_package/my_robot_package.egg-info/entry_points.txt
writing requirements to ../../build/my_robot_package/my_robot_package.egg-info/requires.txt
writing top-level names to ../../build/my_robot_package/my_robot_package.egg-info/top_level.txt
reading manifest file '../../build/my_robot_package/my_robot_package.egg-info/SOURCES.txt'
writing manifest file '../../build/my_robot_package/my_robot_package.egg-info/SOURCES.txt'
running build
running build_py
copying my_robot_package/odom_publisher_node.py -> /home/vikmo/roover_ws/PrjRoover/ros2_ws/build/my_robot_package/build/lib/my_robot_package
running install
running install_lib
copying /home/vikmo/roover_ws/PrjRoover/ros2_ws/build/my_robot_package/build/lib/my_robot_package/odom_publisher_node.py -> /home/vikmo/roover_ws/PrjRoover/ros2_ws/install/my_robot_package/lib/python3.12/site-packages/my_robot_package
byte-compiling /home/vikmo/roover_ws/PrjRoover/ros2_ws/install/my_robot_package/lib/python3.12/site-packages/my_robot_package/odom_publisher_node.py to odom_publisher_node.cpython-312.pyc
running install_data
running install_egg_info
removing '/home/vikmo/roover_ws/PrjRoover/ros2_ws/install/my_robot_package/lib/python3.12/site-packages/my_robot_package-0.0.0-py3.12.egg-info' (and everything under it)
Copying ../../build/my_robot_package/my_robot_package.egg-info to /home/vikmo/roover_ws/PrjRoover/ros2_ws/install/my_robot_package/lib/python3.12/site-packages/my_robot_package-0.0.0-py3.12.egg-info
running install_scripts
Installing cmd_vel_to_motors script to /home/vikmo/roover_ws/PrjRoover/ros2_ws/install/my_robot_package/lib/my_robot_package
Installing joy_to_cmd_vel script to /home/vikmo/roover_ws/PrjRoover/ros2_ws/install/my_robot_package/lib/my_robot_package
Installing odom_publisher_node script to /home/vikmo/roover_ws/PrjRoover/ros2_ws/install/my_robot_package/lib/my_robot_package
writing list of installed files to '/home/vikmo/roover_ws/PrjRoover/ros2_ws/build/my_robot_package/install.log'
