[1.744s] Invoking command in '/home/vikmo/roover_ws/PrjRoover/ros2_ws/src/my_robot_package': DEBUGINFOD_URLS=https://debuginfod.ubuntu.com PYTHONPATH=/home/vikmo/roover_ws/PrjRoover/ros2_ws/build/my_robot_package/prefix_override:/usr/lib/python3/dist-packages/colcon_core/task/python/colcon_distutils_commands:/home/vikmo/roover_ws/PrjRoover/ros2_ws/install/my_robot_package/lib/python3.12/site-packages:${PYTHONPATH} /usr/bin/python3 -W ignore:setup.py install is deprecated -W ignore:easy_install command is deprecated setup.py egg_info --egg-base ../../build/my_robot_package build --build-base /home/vikmo/roover_ws/PrjRoover/ros2_ws/build/my_robot_package/build install --record /home/vikmo/roover_ws/PrjRoover/ros2_ws/build/my_robot_package/install.log --single-version-externally-managed install_data
[2.316s] running egg_info
[2.365s] writing ../../build/my_robot_package/my_robot_package.egg-info/PKG-INFO
[2.365s] writing dependency_links to ../../build/my_robot_package/my_robot_package.egg-info/dependency_links.txt
[2.365s] writing entry points to ../../build/my_robot_package/my_robot_package.egg-info/entry_points.txt
[2.368s] writing requirements to ../../build/my_robot_package/my_robot_package.egg-info/requires.txt
[2.368s] writing top-level names to ../../build/my_robot_package/my_robot_package.egg-info/top_level.txt
[2.535s] reading manifest file '../../build/my_robot_package/my_robot_package.egg-info/SOURCES.txt'
[2.535s] writing manifest file '../../build/my_robot_package/my_robot_package.egg-info/SOURCES.txt'
[2.536s] running build
[2.536s] running build_py
[2.536s] copying my_robot_package/odom_publisher_node.py -> /home/vikmo/roover_ws/PrjRoover/ros2_ws/build/my_robot_package/build/lib/my_robot_package
[2.536s] running install
[2.550s] running install_lib
[2.604s] copying /home/vikmo/roover_ws/PrjRoover/ros2_ws/build/my_robot_package/build/lib/my_robot_package/odom_publisher_node.py -> /home/vikmo/roover_ws/PrjRoover/ros2_ws/install/my_robot_package/lib/python3.12/site-packages/my_robot_package
[2.608s] byte-compiling /home/vikmo/roover_ws/PrjRoover/ros2_ws/install/my_robot_package/lib/python3.12/site-packages/my_robot_package/odom_publisher_node.py to odom_publisher_node.cpython-312.pyc
[2.612s] running install_data
[2.612s] running install_egg_info
[2.670s] removing '/home/vikmo/roover_ws/PrjRoover/ros2_ws/install/my_robot_package/lib/python3.12/site-packages/my_robot_package-0.0.0-py3.12.egg-info' (and everything under it)
[2.670s] Copying ../../build/my_robot_package/my_robot_package.egg-info to /home/vikmo/roover_ws/PrjRoover/ros2_ws/install/my_robot_package/lib/python3.12/site-packages/my_robot_package-0.0.0-py3.12.egg-info
[2.673s] running install_scripts
[2.997s] Installing cmd_vel_to_motors script to /home/vikmo/roover_ws/PrjRoover/ros2_ws/install/my_robot_package/lib/my_robot_package
[2.997s] Installing joy_to_cmd_vel script to /home/vikmo/roover_ws/PrjRoover/ros2_ws/install/my_robot_package/lib/my_robot_package
[3.001s] Installing odom_publisher_node script to /home/vikmo/roover_ws/PrjRoover/ros2_ws/install/my_robot_package/lib/my_robot_package
[3.001s] writing list of installed files to '/home/vikmo/roover_ws/PrjRoover/ros2_ws/build/my_robot_package/install.log'
[3.082s] Invoked command in '/home/vikmo/roover_ws/PrjRoover/ros2_ws/src/my_robot_package' returned '0': DEBUGINFOD_URLS=https://debuginfod.ubuntu.com PYTHONPATH=/home/vikmo/roover_ws/PrjRoover/ros2_ws/build/my_robot_package/prefix_override:/usr/lib/python3/dist-packages/colcon_core/task/python/colcon_distutils_commands:/home/vikmo/roover_ws/PrjRoover/ros2_ws/install/my_robot_package/lib/python3.12/site-packages:${PYTHONPATH} /usr/bin/python3 -W ignore:setup.py install is deprecated -W ignore:easy_install command is deprecated setup.py egg_info --egg-base ../../build/my_robot_package build --build-base /home/vikmo/roover_ws/PrjRoover/ros2_ws/build/my_robot_package/build install --record /home/vikmo/roover_ws/PrjRoover/ros2_ws/build/my_robot_package/install.log --single-version-externally-managed install_data
