[0.405s] DEBUG:colcon:Command line arguments: ['/usr/bin/colcon', 'build']
[0.405s] DEBUG:colcon:Parsed command line arguments: Namespace(log_base=None, log_level=None, verb_name='build', build_base='build', install_base='install', merge_install=False, symlink_install=False, test_result_base=None, continue_on_error=False, executor='parallel', parallel_workers=4, event_handlers=None, ignore_user_meta=False, metas=['./colcon.meta'], base_paths=['.'], packages_ignore=None, packages_ignore_regex=None, paths=None, packages_up_to=None, packages_up_to_regex=None, packages_above=None, packages_above_and_dependencies=None, packages_above_depth=None, packages_select_by_dep=None, packages_skip_by_dep=None, packages_skip_up_to=None, packages_select_build_failed=False, packages_skip_build_finished=False, packages_select_test_failures=False, packages_skip_test_passed=False, packages_select=None, packages_skip=None, packages_select_regex=None, packages_skip_regex=None, packages_start=None, packages_end=None, cmake_args=None, cmake_target=None, cmake_target_skip_unavailable=False, cmake_clean_cache=False, cmake_clean_first=False, cmake_force_configure=False, ament_cmake_args=None, catkin_cmake_args=None, catkin_skip_building_tests=False, verb_parser=<colcon_defaults.argument_parser.defaults.DefaultArgumentsDecorator object at 0xffff9b1ea240>, verb_extension=<colcon_core.verb.build.BuildVerb object at 0xffff9b10ecf0>, main=<bound method BuildVerb.main of <colcon_core.verb.build.BuildVerb object at 0xffff9b10ecf0>>)
[0.715s] Level 1:colcon.colcon_core.package_discovery:discover_packages(colcon_meta) check parameters
[0.715s] Level 1:colcon.colcon_core.package_discovery:discover_packages(recursive) check parameters
[0.715s] Level 1:colcon.colcon_core.package_discovery:discover_packages(ignore) check parameters
[0.716s] Level 1:colcon.colcon_core.package_discovery:discover_packages(path) check parameters
[0.716s] Level 1:colcon.colcon_core.package_discovery:discover_packages(colcon_meta) discover
[0.716s] Level 1:colcon.colcon_core.package_discovery:discover_packages(recursive) discover
[0.716s] INFO:colcon.colcon_core.package_discovery:Crawling recursively for packages in '/home/Roover/PrjRoover'
[0.717s] Level 1:colcon.colcon_core.package_identification:_identify(.) by extensions ['ignore', 'ignore_ament_install']
[0.717s] Level 1:colcon.colcon_core.package_identification:_identify(.) by extension 'ignore'
[0.717s] Level 1:colcon.colcon_core.package_identification:_identify(.) by extension 'ignore_ament_install'
[0.718s] Level 1:colcon.colcon_core.package_identification:_identify(.) by extensions ['colcon_pkg']
[0.718s] Level 1:colcon.colcon_core.package_identification:_identify(.) by extension 'colcon_pkg'
[0.718s] Level 1:colcon.colcon_core.package_identification:_identify(.) by extensions ['colcon_meta']
[0.718s] Level 1:colcon.colcon_core.package_identification:_identify(.) by extension 'colcon_meta'
[0.718s] Level 1:colcon.colcon_core.package_identification:_identify(.) by extensions ['ros']
[0.718s] Level 1:colcon.colcon_core.package_identification:_identify(.) by extension 'ros'
[0.868s] Level 1:colcon.colcon_core.package_identification:_identify(.) by extensions ['cmake', 'python']
[0.868s] Level 1:colcon.colcon_core.package_identification:_identify(.) by extension 'cmake'
[0.868s] Level 1:colcon.colcon_core.package_identification:_identify(.) by extension 'python'
[0.868s] Level 1:colcon.colcon_core.package_identification:_identify(.) by extensions ['python_setup_py']
[0.869s] Level 1:colcon.colcon_core.package_identification:_identify(.) by extension 'python_setup_py'
[0.869s] Level 1:colcon.colcon_core.package_identification:_identify(RasberryPi-Commande) by extensions ['ignore', 'ignore_ament_install']
[0.870s] Level 1:colcon.colcon_core.package_identification:_identify(RasberryPi-Commande) by extension 'ignore'
[0.870s] Level 1:colcon.colcon_core.package_identification:_identify(RasberryPi-Commande) by extension 'ignore_ament_install'
[0.870s] Level 1:colcon.colcon_core.package_identification:_identify(RasberryPi-Commande) by extensions ['colcon_pkg']
[0.870s] Level 1:colcon.colcon_core.package_identification:_identify(RasberryPi-Commande) by extension 'colcon_pkg'
[0.871s] Level 1:colcon.colcon_core.package_identification:_identify(RasberryPi-Commande) by extensions ['colcon_meta']
[0.871s] Level 1:colcon.colcon_core.package_identification:_identify(RasberryPi-Commande) by extension 'colcon_meta'
[0.871s] Level 1:colcon.colcon_core.package_identification:_identify(RasberryPi-Commande) by extensions ['ros']
[0.871s] Level 1:colcon.colcon_core.package_identification:_identify(RasberryPi-Commande) by extension 'ros'
[0.872s] Level 1:colcon.colcon_core.package_identification:_identify(RasberryPi-Commande) by extensions ['cmake', 'python']
[0.872s] Level 1:colcon.colcon_core.package_identification:_identify(RasberryPi-Commande) by extension 'cmake'
[0.872s] Level 1:colcon.colcon_core.package_identification:_identify(RasberryPi-Commande) by extension 'python'
[0.872s] Level 1:colcon.colcon_core.package_identification:_identify(RasberryPi-Commande) by extensions ['python_setup_py']
[0.872s] Level 1:colcon.colcon_core.package_identification:_identify(RasberryPi-Commande) by extension 'python_setup_py'
[0.873s] Level 1:colcon.colcon_core.package_identification:_identify(build) by extensions ['ignore', 'ignore_ament_install']
[0.873s] Level 1:colcon.colcon_core.package_identification:_identify(build) by extension 'ignore'
[0.873s] Level 1:colcon.colcon_core.package_identification:_identify(build) ignored
[0.874s] Level 1:colcon.colcon_core.package_identification:_identify(install) by extensions ['ignore', 'ignore_ament_install']
[0.874s] Level 1:colcon.colcon_core.package_identification:_identify(install) by extension 'ignore'
[0.874s] Level 1:colcon.colcon_core.package_identification:_identify(install) ignored
[0.874s] Level 1:colcon.colcon_core.package_identification:_identify(log) by extensions ['ignore', 'ignore_ament_install']
[0.875s] Level 1:colcon.colcon_core.package_identification:_identify(log) by extension 'ignore'
[0.875s] Level 1:colcon.colcon_core.package_identification:_identify(log) ignored
[0.875s] Level 1:colcon.colcon_core.package_identification:_identify(my_robot_package) by extensions ['ignore', 'ignore_ament_install']
[0.875s] Level 1:colcon.colcon_core.package_identification:_identify(my_robot_package) by extension 'ignore'
[0.876s] Level 1:colcon.colcon_core.package_identification:_identify(my_robot_package) by extension 'ignore_ament_install'
[0.876s] Level 1:colcon.colcon_core.package_identification:_identify(my_robot_package) by extensions ['colcon_pkg']
[0.876s] Level 1:colcon.colcon_core.package_identification:_identify(my_robot_package) by extension 'colcon_pkg'
[0.876s] Level 1:colcon.colcon_core.package_identification:_identify(my_robot_package) by extensions ['colcon_meta']
[0.876s] Level 1:colcon.colcon_core.package_identification:_identify(my_robot_package) by extension 'colcon_meta'
[0.876s] Level 1:colcon.colcon_core.package_identification:_identify(my_robot_package) by extensions ['ros']
[0.876s] Level 1:colcon.colcon_core.package_identification:_identify(my_robot_package) by extension 'ros'
[0.890s] DEBUG:colcon.colcon_core.package_identification:Package 'my_robot_package' with type 'ros.ament_python' and name 'my_robot_package'
[0.891s] Level 1:colcon.colcon_core.package_identification:_identify(ros2_lidar_ws) by extensions ['ignore', 'ignore_ament_install']
[0.891s] Level 1:colcon.colcon_core.package_identification:_identify(ros2_lidar_ws) by extension 'ignore'
[0.891s] Level 1:colcon.colcon_core.package_identification:_identify(ros2_lidar_ws) by extension 'ignore_ament_install'
[0.892s] Level 1:colcon.colcon_core.package_identification:_identify(ros2_lidar_ws) by extensions ['colcon_pkg']
[0.892s] Level 1:colcon.colcon_core.package_identification:_identify(ros2_lidar_ws) by extension 'colcon_pkg'
[0.892s] Level 1:colcon.colcon_core.package_identification:_identify(ros2_lidar_ws) by extensions ['colcon_meta']
[0.892s] Level 1:colcon.colcon_core.package_identification:_identify(ros2_lidar_ws) by extension 'colcon_meta'
[0.892s] Level 1:colcon.colcon_core.package_identification:_identify(ros2_lidar_ws) by extensions ['ros']
[0.892s] Level 1:colcon.colcon_core.package_identification:_identify(ros2_lidar_ws) by extension 'ros'
[0.893s] Level 1:colcon.colcon_core.package_identification:_identify(ros2_lidar_ws) by extensions ['cmake', 'python']
[0.893s] Level 1:colcon.colcon_core.package_identification:_identify(ros2_lidar_ws) by extension 'cmake'
[0.893s] Level 1:colcon.colcon_core.package_identification:_identify(ros2_lidar_ws) by extension 'python'
[0.893s] Level 1:colcon.colcon_core.package_identification:_identify(ros2_lidar_ws) by extensions ['python_setup_py']
[0.894s] Level 1:colcon.colcon_core.package_identification:_identify(ros2_lidar_ws) by extension 'python_setup_py'
[0.894s] Level 1:colcon.colcon_core.package_identification:_identify(ros2_lidar_ws/src) by extensions ['ignore', 'ignore_ament_install']
[0.894s] Level 1:colcon.colcon_core.package_identification:_identify(ros2_lidar_ws/src) by extension 'ignore'
[0.895s] Level 1:colcon.colcon_core.package_identification:_identify(ros2_lidar_ws/src) by extension 'ignore_ament_install'
[0.895s] Level 1:colcon.colcon_core.package_identification:_identify(ros2_lidar_ws/src) by extensions ['colcon_pkg']
[0.895s] Level 1:colcon.colcon_core.package_identification:_identify(ros2_lidar_ws/src) by extension 'colcon_pkg'
[0.895s] Level 1:colcon.colcon_core.package_identification:_identify(ros2_lidar_ws/src) by extensions ['colcon_meta']
[0.895s] Level 1:colcon.colcon_core.package_identification:_identify(ros2_lidar_ws/src) by extension 'colcon_meta'
[0.896s] Level 1:colcon.colcon_core.package_identification:_identify(ros2_lidar_ws/src) by extensions ['ros']
[0.896s] Level 1:colcon.colcon_core.package_identification:_identify(ros2_lidar_ws/src) by extension 'ros'
[0.896s] Level 1:colcon.colcon_core.package_identification:_identify(ros2_lidar_ws/src) by extensions ['cmake', 'python']
[0.896s] Level 1:colcon.colcon_core.package_identification:_identify(ros2_lidar_ws/src) by extension 'cmake'
[0.896s] Level 1:colcon.colcon_core.package_identification:_identify(ros2_lidar_ws/src) by extension 'python'
[0.896s] Level 1:colcon.colcon_core.package_identification:_identify(ros2_lidar_ws/src) by extensions ['python_setup_py']
[0.897s] Level 1:colcon.colcon_core.package_identification:_identify(ros2_lidar_ws/src) by extension 'python_setup_py'
[0.897s] Level 1:colcon.colcon_core.package_identification:_identify(ros2_lidar_ws/src/rplidar_ros-ros2) by extensions ['ignore', 'ignore_ament_install']
[0.897s] Level 1:colcon.colcon_core.package_identification:_identify(ros2_lidar_ws/src/rplidar_ros-ros2) by extension 'ignore'
[0.898s] Level 1:colcon.colcon_core.package_identification:_identify(ros2_lidar_ws/src/rplidar_ros-ros2) by extension 'ignore_ament_install'
[0.898s] Level 1:colcon.colcon_core.package_identification:_identify(ros2_lidar_ws/src/rplidar_ros-ros2) by extensions ['colcon_pkg']
[0.898s] Level 1:colcon.colcon_core.package_identification:_identify(ros2_lidar_ws/src/rplidar_ros-ros2) by extension 'colcon_pkg'
[0.898s] Level 1:colcon.colcon_core.package_identification:_identify(ros2_lidar_ws/src/rplidar_ros-ros2) by extensions ['colcon_meta']
[0.898s] Level 1:colcon.colcon_core.package_identification:_identify(ros2_lidar_ws/src/rplidar_ros-ros2) by extension 'colcon_meta'
[0.899s] Level 1:colcon.colcon_core.package_identification:_identify(ros2_lidar_ws/src/rplidar_ros-ros2) by extensions ['ros']
[0.899s] Level 1:colcon.colcon_core.package_identification:_identify(ros2_lidar_ws/src/rplidar_ros-ros2) by extension 'ros'
[0.902s] DEBUG:colcon.colcon_core.package_identification:Package 'ros2_lidar_ws/src/rplidar_ros-ros2' with type 'ros.ament_cmake' and name 'rplidar_ros'
[0.902s] Level 1:colcon.colcon_core.package_discovery:discover_packages(recursive) using defaults
[0.902s] Level 1:colcon.colcon_core.package_discovery:discover_packages(ignore) discover
[0.902s] Level 1:colcon.colcon_core.package_discovery:discover_packages(ignore) using defaults
[0.902s] Level 1:colcon.colcon_core.package_discovery:discover_packages(path) discover
[0.902s] Level 1:colcon.colcon_core.package_discovery:discover_packages(path) using defaults
[0.992s] Level 5:colcon.colcon_core.verb:set package 'my_robot_package' build argument 'cmake_args' from command line to 'None'
[0.992s] Level 5:colcon.colcon_core.verb:set package 'my_robot_package' build argument 'cmake_target' from command line to 'None'
[0.992s] Level 5:colcon.colcon_core.verb:set package 'my_robot_package' build argument 'cmake_target_skip_unavailable' from command line to 'False'
[0.992s] Level 5:colcon.colcon_core.verb:set package 'my_robot_package' build argument 'cmake_clean_cache' from command line to 'False'
[0.992s] Level 5:colcon.colcon_core.verb:set package 'my_robot_package' build argument 'cmake_clean_first' from command line to 'False'
[0.992s] Level 5:colcon.colcon_core.verb:set package 'my_robot_package' build argument 'cmake_force_configure' from command line to 'False'
[0.992s] Level 5:colcon.colcon_core.verb:set package 'my_robot_package' build argument 'ament_cmake_args' from command line to 'None'
[0.992s] Level 5:colcon.colcon_core.verb:set package 'my_robot_package' build argument 'catkin_cmake_args' from command line to 'None'
[0.992s] Level 5:colcon.colcon_core.verb:set package 'my_robot_package' build argument 'catkin_skip_building_tests' from command line to 'False'
[0.993s] DEBUG:colcon.colcon_core.verb:Building package 'my_robot_package' with the following arguments: {'ament_cmake_args': None, 'build_base': '/home/Roover/PrjRoover/build/my_robot_package', 'catkin_cmake_args': None, 'catkin_skip_building_tests': False, 'cmake_args': None, 'cmake_clean_cache': False, 'cmake_clean_first': False, 'cmake_force_configure': False, 'cmake_target': None, 'cmake_target_skip_unavailable': False, 'install_base': '/home/Roover/PrjRoover/install/my_robot_package', 'merge_install': False, 'path': '/home/Roover/PrjRoover/my_robot_package', 'symlink_install': False, 'test_result_base': None}
[0.994s] Level 5:colcon.colcon_core.verb:set package 'rplidar_ros' build argument 'cmake_args' from command line to 'None'
[0.994s] Level 5:colcon.colcon_core.verb:set package 'rplidar_ros' build argument 'cmake_target' from command line to 'None'
[0.994s] Level 5:colcon.colcon_core.verb:set package 'rplidar_ros' build argument 'cmake_target_skip_unavailable' from command line to 'False'
[0.994s] Level 5:colcon.colcon_core.verb:set package 'rplidar_ros' build argument 'cmake_clean_cache' from command line to 'False'
[0.994s] Level 5:colcon.colcon_core.verb:set package 'rplidar_ros' build argument 'cmake_clean_first' from command line to 'False'
[0.994s] Level 5:colcon.colcon_core.verb:set package 'rplidar_ros' build argument 'cmake_force_configure' from command line to 'False'
[0.994s] Level 5:colcon.colcon_core.verb:set package 'rplidar_ros' build argument 'ament_cmake_args' from command line to 'None'
[0.994s] Level 5:colcon.colcon_core.verb:set package 'rplidar_ros' build argument 'catkin_cmake_args' from command line to 'None'
[0.994s] Level 5:colcon.colcon_core.verb:set package 'rplidar_ros' build argument 'catkin_skip_building_tests' from command line to 'False'
[0.995s] DEBUG:colcon.colcon_core.verb:Building package 'rplidar_ros' with the following arguments: {'ament_cmake_args': None, 'build_base': '/home/Roover/PrjRoover/build/rplidar_ros', 'catkin_cmake_args': None, 'catkin_skip_building_tests': False, 'cmake_args': None, 'cmake_clean_cache': False, 'cmake_clean_first': False, 'cmake_force_configure': False, 'cmake_target': None, 'cmake_target_skip_unavailable': False, 'install_base': '/home/Roover/PrjRoover/install/rplidar_ros', 'merge_install': False, 'path': '/home/Roover/PrjRoover/ros2_lidar_ws/src/rplidar_ros-ros2', 'symlink_install': False, 'test_result_base': None}
[0.995s] INFO:colcon.colcon_core.executor:Executing jobs using 'parallel' executor
[0.998s] DEBUG:colcon.colcon_parallel_executor.executor.parallel:run_until_complete
[0.999s] INFO:colcon.colcon_ros.task.ament_python.build:Building ROS package in '/home/Roover/PrjRoover/my_robot_package' with build type 'ament_python'
[0.999s] Level 1:colcon.colcon_core.shell:create_environment_hook('my_robot_package', 'ament_prefix_path')
[1.007s] INFO:colcon.colcon_core.plugin_system:Skipping extension 'colcon_core.shell.bat': Not used on non-Windows systems
[1.008s] INFO:colcon.colcon_core.shell:Creating environment descriptor '/home/Roover/PrjRoover/install/my_robot_package/share/my_robot_package/hook/ament_prefix_path.dsv'
[1.010s] INFO:colcon.colcon_core.shell:Creating environment hook '/home/Roover/PrjRoover/install/my_robot_package/share/my_robot_package/hook/ament_prefix_path.sh'
[1.017s] DEBUG:colcon.colcon_core.shell:Skip shell extension 'dsv' for command environment
[1.080s] INFO:colcon.colcon_ros.task.ament_cmake.build:Building ROS package in '/home/Roover/PrjRoover/ros2_lidar_ws/src/rplidar_ros-ros2' with build type 'ament_cmake'
[1.080s] INFO:colcon.colcon_cmake.task.cmake.build:Building CMake package in '/home/Roover/PrjRoover/ros2_lidar_ws/src/rplidar_ros-ros2'
[1.081s] DEBUG:colcon.colcon_core.shell:Skip shell extension 'dsv' for command environment
[1.907s] INFO:colcon.colcon_core.task.python.build:Building Python package in '/home/Roover/PrjRoover/my_robot_package'
[1.907s] DEBUG:colcon.colcon_core.shell:Skip shell extension 'dsv' for command environment
[1.939s] DEBUG:colcon.colcon_core.event_handler.log_command:Invoking command in '/home/Roover/PrjRoover/build/rplidar_ros': CMAKE_PREFIX_PATH=/opt/ros/jazzy /usr/bin/cmake --build /home/Roover/PrjRoover/build/rplidar_ros -- -j4 -l4
[2.365s] DEBUG:colcon.colcon_core.event_handler.log_command:Invoked command in '/home/Roover/PrjRoover/build/rplidar_ros' returned '2': CMAKE_PREFIX_PATH=/opt/ros/jazzy /usr/bin/cmake --build /home/Roover/PrjRoover/build/rplidar_ros -- -j4 -l4
[2.367s] Level 1:colcon.colcon_core.environment:create_environment_scripts_only(rplidar_ros)
[2.378s] Level 1:colcon.colcon_core.environment:checking '/home/Roover/PrjRoover/install/rplidar_ros' for CMake module files
[2.381s] Level 1:colcon.colcon_core.environment:checking '/home/Roover/PrjRoover/install/rplidar_ros' for CMake config files
[2.384s] Level 1:colcon.colcon_core.shell:create_environment_hook('rplidar_ros', 'cmake_prefix_path')
[2.384s] INFO:colcon.colcon_core.shell:Creating environment descriptor '/home/Roover/PrjRoover/install/rplidar_ros/share/rplidar_ros/hook/cmake_prefix_path.dsv'
[2.386s] INFO:colcon.colcon_core.shell:Creating environment hook '/home/Roover/PrjRoover/install/rplidar_ros/share/rplidar_ros/hook/cmake_prefix_path.sh'
[2.390s] Level 1:colcon.colcon_core.environment:checking '/home/Roover/PrjRoover/install/rplidar_ros/lib'
[2.391s] Level 1:colcon.colcon_core.environment:checking '/home/Roover/PrjRoover/install/rplidar_ros/bin'
[2.391s] Level 1:colcon.colcon_core.environment:checking '/home/Roover/PrjRoover/install/rplidar_ros/lib/pkgconfig/rplidar_ros.pc'
[2.392s] Level 1:colcon.colcon_core.environment:checking '/home/Roover/PrjRoover/install/rplidar_ros/lib/python3.12/site-packages'
[2.393s] Level 1:colcon.colcon_core.environment:checking '/home/Roover/PrjRoover/install/rplidar_ros/bin'
[2.394s] INFO:colcon.colcon_core.shell:Creating package descriptor '/home/Roover/PrjRoover/install/rplidar_ros/share/rplidar_ros/package.dsv'
[2.397s] INFO:colcon.colcon_core.shell:Creating package script '/home/Roover/PrjRoover/install/rplidar_ros/share/rplidar_ros/package.sh'
[2.400s] INFO:colcon.colcon_core.shell:Creating package script '/home/Roover/PrjRoover/install/rplidar_ros/share/rplidar_ros/package.bash'
[2.403s] INFO:colcon.colcon_core.shell:Creating package script '/home/Roover/PrjRoover/install/rplidar_ros/share/rplidar_ros/package.zsh'
[2.407s] Level 1:colcon.colcon_core.environment:create_file_with_runtime_dependencies(/home/Roover/PrjRoover/install/rplidar_ros/share/colcon-core/packages/rplidar_ros)
[5.968s] DEBUG:colcon.colcon_parallel_executor.executor.parallel:closing loop
[5.969s] DEBUG:colcon.colcon_parallel_executor.executor.parallel:loop closed
[5.969s] DEBUG:colcon.colcon_parallel_executor.executor.parallel:run_until_complete finished with '2'
[5.969s] DEBUG:colcon.colcon_core.event_reactor:joining thread
[5.991s] INFO:colcon.colcon_core.plugin_system:Skipping extension 'colcon_notification.desktop_notification.notify_send': Could not find 'notify-send'
[5.991s] INFO:colcon.colcon_core.plugin_system:Skipping extension 'colcon_notification.desktop_notification.terminal_notifier': Not used on non-Darwin systems
[5.992s] INFO:colcon.colcon_core.plugin_system:Skipping extension 'colcon_notification.desktop_notification.win32': Not used on non-Windows systems
[5.992s] INFO:colcon.colcon_notification.desktop_notification:Sending desktop notification using 'notify2'
[6.247s] DEBUG:colcon.colcon_notification.desktop_notification.notify2:Failed to initialize notify2: org.freedesktop.DBus.Error.ServiceUnknown: The name org.freedesktop.Notifications was not provided by any .service files
[6.248s] DEBUG:colcon.colcon_core.event_reactor:joined thread
[6.249s] INFO:colcon.colcon_core.shell:Creating prefix script '/home/Roover/PrjRoover/install/local_setup.sh'
[6.252s] INFO:colcon.colcon_core.shell:Creating prefix util module '/home/Roover/PrjRoover/install/_local_setup_util_sh.py'
[7.630s] INFO:colcon.colcon_core.shell:Creating prefix chain script '/home/Roover/PrjRoover/install/setup.sh'
[7.668s] INFO:colcon.colcon_core.shell:Creating prefix script '/home/Roover/PrjRoover/install/local_setup.bash'
[8.939s] INFO:colcon.colcon_core.shell:Creating prefix chain script '/home/Roover/PrjRoover/install/setup.bash'
[9.065s] INFO:colcon.colcon_core.shell:Creating prefix script '/home/Roover/PrjRoover/install/local_setup.zsh'
[9.070s] INFO:colcon.colcon_core.shell:Creating prefix chain script '/home/Roover/PrjRoover/install/setup.zsh'
